 INFO  Accepting connections at http://localhost:5173
 HTTP  4/18/2026 1:08:52 PM ::1 GET /
 HTTP  4/18/2026 1:08:52 PM ::1 Returned 200 in 18 ms
 HTTP  4/18/2026 1:14:52 PM ::1 GET /results/exams/1
 HTTP  4/18/2026 1:14:52 PM ::1 Returned 200 in 5 ms
 HTTP  4/18/2026 1:14:52 PM ::1 GET /assets/index-DHBK4iuc.js
 HTTP  4/18/2026 1:14:52 PM ::1 GET /assets/index-DD_xxl_c.css
 HTTP  4/18/2026 1:14:52 PM ::1 Returned 200 in 3 ms
 HTTP  4/18/2026 1:14:52 PM ::1 Returned 200 in 11 ms
 HTTP  4/18/2026 1:14:52 PM ::1 GET /favicon.svg
 HTTP  4/18/2026 1:14:52 PM ::1 Returned 304 in 1 ms
 HTTP  4/18/2026 1:14:53 PM ::1 GET /results/exams/1
 HTTP  4/18/2026 1:14:53 PM ::1 Returned 304 in 1 ms
 HTTP  4/18/2026 1:14:53 PM ::1 GET /assets/index-DHBK4iuc.js
 HTTP  4/18/2026 1:14:53 PM ::1 GET /assets/index-DD_xxl_c.css
 HTTP  4/18/2026 1:14:53 PM ::1 Returned 304 in 1 ms
 HTTP  4/18/2026 1:14:53 PM ::1 Returned 304 in 2 ms
 HTTP  4/18/2026 1:14:53 PM ::1 GET /favicon.svg
 HTTP  4/18/2026 1:14:53 PM ::1 Returned 304 in 2 ms
 HTTP  4/18/2026 1:15:05 PM ::1 GET /
 HTTP  4/18/2026 1:15:05 PM ::1 Returned 200 in 6 ms
 HTTP  4/18/2026 1:15:05 PM ::1 GET /assets/index-DD_xxl_c.css
 HTTP  4/18/2026 1:15:05 PM ::1 Returned 304 in 2 ms
 HTTP  4/18/2026 1:15:05 PM ::1 GET /assets/index-DHBK4iuc.js
 HTTP  4/18/2026 1:15:05 PM ::1 Returned 304 in 0 ms
 HTTP  4/18/2026 1:15:05 PM ::1 GET /favicon.svg
 HTTP  4/18/2026 1:15:05 PM ::1 Returned 304 in 1 ms
 HTTP  4/18/2026 1:15:42 PM ::1 GET /assets/index-DD_xxl_c.css
 HTTP  4/18/2026 1:15:42 PM ::1 Returned 304 in 2 ms
 HTTP  4/18/2026 1:15:42 PM ::1 GET /.well-known/appspecific/com.chrome.devtools.json
 HTTP  4/18/2026 1:15:42 PM ::1 Returned 200 in 1 ms
 HTTP  4/18/2026 1:15:52 PM ::1 GET /results/exams/1
 HTTP  4/18/2026 1:15:52 PM ::1 Returned 200 in 1 ms
 HTTP  4/18/2026 1:15:52 PM ::1 GET /assets/index-DHBK4iuc.js
 HTTP  4/18/2026 1:15:52 PM ::1 Returned 200 in 2 ms
 HTTP  4/18/2026 1:15:52 PM ::1 GET /assets/index-DD_xxl_c.css
 HTTP  4/18/2026 1:15:52 PM ::1 Returned 200 in 2 ms
 HTTP  4/18/2026 1:15:52 PM ::1 GET /.well-known/appspecific/com.chrome.devtools.json
 HTTP  4/18/2026 1:15:52 PM ::1 Returned 200 in 1 ms
 HTTP  4/18/2026 1:15:52 PM ::1 GET /favicon.svg
 HTTP  4/18/2026 1:15:52 PM ::1 Returned 200 in 3 ms
 HTTP  4/18/2026 1:18:42 PM ::1 GET /results/exams/1
 HTTP  4/18/2026 1:18:42 PM ::1 Returned 200 in 7 ms
 HTTP  4/18/2026 1:18:42 PM ::1 GET /assets/index-DD_xxl_c.css
 HTTP  4/18/2026 1:18:42 PM ::1 Returned 200 in 2 ms
 HTTP  4/18/2026 1:18:42 PM ::1 GET /assets/index-DHBK4iuc.js
 HTTP  4/18/2026 1:18:42 PM ::1 Returned 200 in 1 ms
 HTTP  4/18/2026 1:18:42 PM ::1 GET /.well-known/appspecific/com.chrome.devtools.json
 HTTP  4/18/2026 1:18:42 PM ::1 Returned 200 in 0 ms
 HTTP  4/18/2026 1:18:42 PM ::1 GET /favicon.svg
 HTTP  4/18/2026 1:18:42 PM ::1 Returned 200 in 0 ms
 HTTP  4/18/2026 1:18:43 PM ::1 GET /results/exams/1
 HTTP  4/18/2026 1:18:43 PM ::1 Returned 200 in 1 ms
 HTTP  4/18/2026 1:18:43 PM ::1 GET /assets/index-DHBK4iuc.js
 HTTP  4/18/2026 1:18:43 PM ::1 GET /assets/index-DD_xxl_c.css
 HTTP  4/18/2026 1:18:43 PM ::1 Returned 200 in 3 ms
 HTTP  4/18/2026 1:18:43 PM ::1 Returned 200 in 3 ms
 HTTP  4/18/2026 1:18:43 PM ::1 GET /.well-known/appspecific/com.chrome.devtools.json
 HTTP  4/18/2026 1:18:43 PM ::1 Returned 200 in 1 ms
 HTTP  4/18/2026 1:18:43 PM ::1 GET /favicon.svg
 HTTP  4/18/2026 1:18:43 PM ::1 Returned 200 in 1 ms
 HTTP  4/18/2026 1:20:02 PM ::1 GET /results/exams/1
 HTTP  4/18/2026 1:20:02 PM ::1 Returned 304 in 5 ms
 HTTP  4/18/2026 1:20:02 PM ::1 GET /assets/index-DHBK4iuc.js
 HTTP  4/18/2026 1:20:02 PM ::1 Returned 304 in 2 ms
 HTTP  4/18/2026 1:20:02 PM ::1 GET /assets/index-DD_xxl_c.css
 HTTP  4/18/2026 1:20:02 PM ::1 Returned 304 in 1 ms
 HTTP  4/18/2026 1:20:02 PM ::1 GET /favicon.svg
 HTTP  4/18/2026 1:20:02 PM ::1 Returned 304 in 0 ms
 HTTP  4/18/2026 1:20:03 PM ::1 GET /results/exams/1
 HTTP  4/18/2026 1:20:03 PM ::1 Returned 304 in 0 ms
 HTTP  4/18/2026 1:20:03 PM ::1 GET /assets/index-DHBK4iuc.js
 HTTP  4/18/2026 1:20:03 PM ::1 GET /assets/index-DD_xxl_c.css
 HTTP  4/18/2026 1:20:03 PM ::1 Returned 304 in 1 ms
 HTTP  4/18/2026 1:20:03 PM ::1 Returned 304 in 0 ms
 HTTP  4/18/2026 1:20:03 PM ::1 GET /favicon.svg
 HTTP  4/18/2026 1:20:03 PM ::1 Returned 304 in 1 ms
 HTTP  4/18/2026 1:20:22 PM ::1 GET /results/exams/1
 HTTP  4/18/2026 1:20:22 PM ::1 Returned 304 in 1 ms
 HTTP  4/18/2026 1:20:22 PM ::1 GET /assets/index-DHBK4iuc.js
 HTTP  4/18/2026 1:20:22 PM ::1 Returned 304 in 1 ms
 HTTP  4/18/2026 1:20:22 PM ::1 GET /assets/index-DD_xxl_c.css
 HTTP  4/18/2026 1:20:22 PM ::1 Returned 304 in 1 ms
 HTTP  4/18/2026 1:20:22 PM ::1 GET /favicon.svg
 HTTP  4/18/2026 1:20:22 PM ::1 Returned 304 in 1 ms
 HTTP  4/18/2026 1:20:23 PM ::1 GET /results/exams/1
 HTTP  4/18/2026 1:20:23 PM ::1 Returned 304 in 1 ms
 HTTP  4/18/2026 1:20:23 PM ::1 GET /assets/index-DHBK4iuc.js
 HTTP  4/18/2026 1:20:23 PM ::1 GET /assets/index-DD_xxl_c.css
 HTTP  4/18/2026 1:20:23 PM ::1 Returned 304 in 1 ms
 HTTP  4/18/2026 1:20:23 PM ::1 Returned 304 in 1 ms
 HTTP  4/18/2026 1:20:23 PM ::1 GET /favicon.svg
 HTTP  4/18/2026 1:20:23 PM ::1 Returned 304 in 1 ms
 HTTP  4/18/2026 1:20:23 PM ::1 GET /results/exams/1
 HTTP  4/18/2026 1:20:23 PM ::1 Returned 304 in 1 ms
 HTTP  4/18/2026 1:20:23 PM ::1 GET /assets/index-DD_xxl_c.css
 HTTP  4/18/2026 1:20:23 PM ::1 GET /assets/index-DHBK4iuc.js
 HTTP  4/18/2026 1:20:23 PM ::1 Returned 304 in 1 ms
 HTTP  4/18/2026 1:20:23 PM ::1 Returned 304 in 1 ms
 HTTP  4/18/2026 1:20:23 PM ::1 GET /favicon.svg
 HTTP  4/18/2026 1:20:23 PM ::1 Returned 304 in 1 ms
 HTTP  4/18/2026 1:20:23 PM ::1 GET /results/exams/1
 HTTP  4/18/2026 1:20:23 PM ::1 Returned 304 in 0 ms
 HTTP  4/18/2026 1:20:23 PM ::1 GET /assets/index-DHBK4iuc.js
 HTTP  4/18/2026 1:20:23 PM ::1 GET /assets/index-DD_xxl_c.css
 HTTP  4/18/2026 1:20:23 PM ::1 Returned 304 in 1 ms
 HTTP  4/18/2026 1:20:23 PM ::1 Returned 304 in 1 ms
 HTTP  4/18/2026 1:20:23 PM ::1 GET /favicon.svg
 HTTP  4/18/2026 1:20:23 PM ::1 Returned 304 in 1 ms
 HTTP  4/18/2026 1:20:52 PM ::1 GET /results/exams/1
 HTTP  4/18/2026 1:20:52 PM ::1 Returned 304 in 1 ms
 HTTP  4/18/2026 1:20:52 PM ::1 GET /assets/index-DHBK4iuc.js
 HTTP  4/18/2026 1:20:52 PM ::1 Returned 304 in 1 ms
 HTTP  4/18/2026 1:20:52 PM ::1 GET /assets/index-DD_xxl_c.css
 HTTP  4/18/2026 1:20:52 PM ::1 Returned 304 in 1 ms
 HTTP  4/18/2026 1:20:52 PM ::1 GET /favicon.svg
 HTTP  4/18/2026 1:20:52 PM ::1 Returned 304 in 1 ms
 HTTP  4/18/2026 1:20:52 PM ::1 GET /results/exams/1
 HTTP  4/18/2026 1:20:52 PM ::1 Returned 304 in 1 ms
 HTTP  4/18/2026 1:20:53 PM ::1 GET /assets/index-DD_xxl_c.css
 HTTP  4/18/2026 1:20:53 PM ::1 GET /assets/index-DHBK4iuc.js
 HTTP  4/18/2026 1:20:53 PM ::1 Returned 304 in 1 ms
 HTTP  4/18/2026 1:20:53 PM ::1 Returned 304 in 1 ms
 HTTP  4/18/2026 1:20:53 PM ::1 GET /favicon.svg
 HTTP  4/18/2026 1:20:53 PM ::1 Returned 304 in 1 ms
 HTTP  4/18/2026 1:20:53 PM ::1 GET /results/exams/1
 HTTP  4/18/2026 1:20:53 PM ::1 Returned 304 in 1 ms
 HTTP  4/18/2026 1:20:53 PM ::1 GET /assets/index-DD_xxl_c.css
 HTTP  4/18/2026 1:20:53 PM ::1 GET /assets/index-DHBK4iuc.js
 HTTP  4/18/2026 1:20:53 PM ::1 Returned 304 in 1 ms
 HTTP  4/18/2026 1:20:53 PM ::1 Returned 304 in 0 ms
 HTTP  4/18/2026 1:20:53 PM ::1 GET /favicon.svg
 HTTP  4/18/2026 1:20:53 PM ::1 Returned 304 in 1 ms
 HTTP  4/18/2026 1:20:53 PM ::1 GET /results/exams/1
 HTTP  4/18/2026 1:20:53 PM ::1 Returned 304 in 1 ms
 HTTP  4/18/2026 1:20:53 PM ::1 GET /assets/index-DD_xxl_c.css
 HTTP  4/18/2026 1:20:53 PM ::1 GET /assets/index-DHBK4iuc.js
 HTTP  4/18/2026 1:20:53 PM ::1 Returned 304 in 1 ms
 HTTP  4/18/2026 1:20:53 PM ::1 Returned 304 in 0 ms
 HTTP  4/18/2026 1:20:53 PM ::1 GET /favicon.svg
 HTTP  4/18/2026 1:20:53 PM ::1 Returned 304 in 1 ms
 HTTP  4/18/2026 1:21:26 PM ::1 GET /assets/index-DD_xxl_c.css
 HTTP  4/18/2026 1:21:26 PM ::1 Returned 304 in 2 ms
 HTTP  4/18/2026 1:21:26 PM ::1 GET /.well-known/appspecific/com.chrome.devtools.json
 HTTP  4/18/2026 1:21:26 PM ::1 Returned 200 in 1 ms
 HTTP  4/18/2026 1:21:30 PM ::1 GET /results/exams/1
 HTTP  4/18/2026 1:21:30 PM ::1 Returned 200 in 0 ms
 HTTP  4/18/2026 1:21:30 PM ::1 GET /assets/index-DD_xxl_c.css
 HTTP  4/18/2026 1:21:30 PM ::1 Returned 200 in 1 ms
 HTTP  4/18/2026 1:21:30 PM ::1 GET /assets/index-DHBK4iuc.js
 HTTP  4/18/2026 1:21:30 PM ::1 Returned 200 in 1 ms
 HTTP  4/18/2026 1:21:30 PM ::1 GET /.well-known/appspecific/com.chrome.devtools.json
 HTTP  4/18/2026 1:21:30 PM ::1 Returned 200 in 0 ms
 HTTP  4/18/2026 1:21:30 PM ::1 GET /favicon.svg
 HTTP  4/18/2026 1:21:30 PM ::1 Returned 200 in 1 ms
 HTTP  4/18/2026 1:21:59 PM ::1 GET /results/exams/1
 HTTP  4/18/2026 1:21:59 PM ::1 Returned 304 in 1 ms
 HTTP  4/18/2026 1:21:59 PM ::1 GET /assets/index-DHBK4iuc.js
 HTTP  4/18/2026 1:21:59 PM ::1 Returned 304 in 1 ms
 HTTP  4/18/2026 1:21:59 PM ::1 GET /assets/index-DD_xxl_c.css
 HTTP  4/18/2026 1:21:59 PM ::1 Returned 304 in 1 ms
 HTTP  4/18/2026 1:21:59 PM ::1 GET /favicon.svg
 HTTP  4/18/2026 1:21:59 PM ::1 Returned 304 in 1 ms
 HTTP  4/18/2026 1:21:59 PM ::1 GET /results/exams/1
 HTTP  4/18/2026 1:21:59 PM ::1 Returned 304 in 1 ms
 HTTP  4/18/2026 1:21:59 PM ::1 GET /assets/index-DHBK4iuc.js
 HTTP  4/18/2026 1:21:59 PM ::1 GET /assets/index-DD_xxl_c.css
 HTTP  4/18/2026 1:21:59 PM ::1 Returned 304 in 0 ms
 HTTP  4/18/2026 1:21:59 PM ::1 Returned 304 in 2 ms
 HTTP  4/18/2026 1:21:59 PM ::1 GET /favicon.svg
 HTTP  4/18/2026 1:21:59 PM ::1 Returned 304 in 1 ms
 HTTP  4/18/2026 1:21:59 PM ::1 GET /results/exams/1
 HTTP  4/18/2026 1:21:59 PM ::1 Returned 304 in 1 ms
 HTTP  4/18/2026 1:21:59 PM ::1 GET /assets/index-DD_xxl_c.css
 HTTP  4/18/2026 1:21:59 PM ::1 GET /assets/index-DHBK4iuc.js
 HTTP  4/18/2026 1:21:59 PM ::1 Returned 304 in 1 ms
 HTTP  4/18/2026 1:21:59 PM ::1 Returned 304 in 0 ms
 HTTP  4/18/2026 1:21:59 PM ::1 GET /favicon.svg
 HTTP  4/18/2026 1:21:59 PM ::1 Returned 304 in 1 ms
 HTTP  4/18/2026 1:22:00 PM ::1 GET /results/exams/1
 HTTP  4/18/2026 1:22:00 PM ::1 Returned 304 in 0 ms
 HTTP  4/18/2026 1:22:00 PM ::1 GET /assets/index-DD_xxl_c.css
 HTTP  4/18/2026 1:22:00 PM ::1 GET /assets/index-DHBK4iuc.js
 HTTP  4/18/2026 1:22:00 PM ::1 Returned 304 in 0 ms
 HTTP  4/18/2026 1:22:00 PM ::1 Returned 304 in 1 ms
 HTTP  4/18/2026 1:22:00 PM ::1 GET /favicon.svg
 HTTP  4/18/2026 1:22:00 PM ::1 Returned 304 in 1 ms
 HTTP  4/18/2026 1:22:00 PM ::1 GET /results/exams/1
 HTTP  4/18/2026 1:22:00 PM ::1 Returned 304 in 1 ms
 HTTP  4/18/2026 1:22:00 PM ::1 GET /assets/index-DD_xxl_c.css
 HTTP  4/18/2026 1:22:00 PM ::1 GET /assets/index-DHBK4iuc.js
 HTTP  4/18/2026 1:22:00 PM ::1 Returned 304 in 1 ms
 HTTP  4/18/2026 1:22:00 PM ::1 Returned 304 in 1 ms
 HTTP  4/18/2026 1:22:00 PM ::1 GET /favicon.svg
 HTTP  4/18/2026 1:22:00 PM ::1 Returned 304 in 0 ms
 HTTP  4/18/2026 1:22:00 PM ::1 GET /results/exams/1
 HTTP  4/18/2026 1:22:00 PM ::1 Returned 304 in 1 ms
 HTTP  4/18/2026 1:22:00 PM ::1 GET /assets/index-DHBK4iuc.js
 HTTP  4/18/2026 1:22:00 PM ::1 GET /assets/index-DD_xxl_c.css
 HTTP  4/18/2026 1:22:00 PM ::1 Returned 304 in 1 ms
 HTTP  4/18/2026 1:22:00 PM ::1 Returned 304 in 1 ms
 HTTP  4/18/2026 1:22:00 PM ::1 GET /favicon.svg
 HTTP  4/18/2026 1:22:00 PM ::1 Returned 304 in 1 ms
 HTTP  4/18/2026 1:22:00 PM ::1 GET /results/exams/1
 HTTP  4/18/2026 1:22:00 PM ::1 Returned 304 in 1 ms
 HTTP  4/18/2026 1:22:00 PM ::1 GET /assets/index-DHBK4iuc.js
 HTTP  4/18/2026 1:22:00 PM ::1 GET /assets/index-DD_xxl_c.css
 HTTP  4/18/2026 1:22:00 PM ::1 Returned 304 in 0 ms
 HTTP  4/18/2026 1:22:00 PM ::1 Returned 304 in 1 ms
 HTTP  4/18/2026 1:22:00 PM ::1 GET /favicon.svg
 HTTP  4/18/2026 1:22:00 PM ::1 Returned 304 in 1 ms
 HTTP  4/18/2026 1:22:00 PM ::1 GET /results/exams/1
 HTTP  4/18/2026 1:22:00 PM ::1 Returned 304 in 1 ms
 HTTP  4/18/2026 1:22:00 PM ::1 GET /assets/index-DD_xxl_c.css
 HTTP  4/18/2026 1:22:00 PM ::1 GET /assets/index-DHBK4iuc.js
 HTTP  4/18/2026 1:22:00 PM ::1 Returned 304 in 1 ms
 HTTP  4/18/2026 1:22:00 PM ::1 Returned 304 in 1 ms
 HTTP  4/18/2026 1:22:00 PM ::1 GET /favicon.svg
 HTTP  4/18/2026 1:22:00 PM ::1 Returned 304 in 1 ms
 HTTP  4/18/2026 1:22:58 PM ::1 GET /results/exams/1
 HTTP  4/18/2026 1:22:58 PM ::1 Returned 304 in 0 ms
 HTTP  4/18/2026 1:22:58 PM ::1 GET /assets/index-DHBK4iuc.js
 HTTP  4/18/2026 1:22:58 PM ::1 Returned 304 in 1 ms
 HTTP  4/18/2026 1:22:58 PM ::1 GET /assets/index-DD_xxl_c.css
 HTTP  4/18/2026 1:22:58 PM ::1 Returned 304 in 1 ms
 HTTP  4/18/2026 1:22:58 PM ::1 GET /favicon.svg
 HTTP  4/18/2026 1:22:58 PM ::1 Returned 304 in 1 ms
 HTTP  4/18/2026 1:23:01 PM ::1 GET /assets/index-DD_xxl_c.css
 HTTP  4/18/2026 1:23:01 PM ::1 Returned 304 in 1 ms
 HTTP  4/18/2026 1:23:01 PM ::1 GET /.well-known/appspecific/com.chrome.devtools.json
 HTTP  4/18/2026 1:23:01 PM ::1 Returned 200 in 0 ms
 HTTP  4/18/2026 1:23:05 PM ::1 GET /results/exams/1
 HTTP  4/18/2026 1:23:05 PM ::1 Returned 200 in 2 ms
 HTTP  4/18/2026 1:23:05 PM ::1 GET /assets/index-DHBK4iuc.js
 HTTP  4/18/2026 1:23:05 PM ::1 Returned 200 in 1 ms
 HTTP  4/18/2026 1:23:05 PM ::1 GET /assets/index-DD_xxl_c.css
 HTTP  4/18/2026 1:23:05 PM ::1 Returned 200 in 0 ms
 HTTP  4/18/2026 1:23:06 PM ::1 GET /.well-known/appspecific/com.chrome.devtools.json
 HTTP  4/18/2026 1:23:06 PM ::1 Returned 200 in 1 ms
 HTTP  4/18/2026 1:23:06 PM ::1 GET /favicon.svg
 HTTP  4/18/2026 1:23:06 PM ::1 Returned 200 in 1 ms
 HTTP  4/18/2026 1:23:22 PM ::1 GET /login
 HTTP  4/18/2026 1:23:22 PM ::1 Returned 200 in 4 ms
 HTTP  4/18/2026 1:23:22 PM ::1 GET /.well-known/appspecific/com.chrome.devtools.json
 HTTP  4/18/2026 1:23:22 PM ::1 Returned 200 in 1 ms
 HTTP  4/18/2026 1:23:22 PM ::1 GET /assets/index-DD_xxl_c.css
 HTTP  4/18/2026 1:23:22 PM ::1 Returned 200 in 1 ms
 HTTP  4/18/2026 1:23:22 PM ::1 GET /assets/index-DHBK4iuc.js
 HTTP  4/18/2026 1:23:22 PM ::1 Returned 200 in 1 ms
 HTTP  4/18/2026 1:23:22 PM ::1 GET /favicon.svg
 HTTP  4/18/2026 1:23:22 PM ::1 Returned 200 in 1 ms
 HTTP  4/18/2026 1:23:36 PM ::1 GET /
 HTTP  4/18/2026 1:23:36 PM ::1 Returned 200 in 0 ms
 HTTP  4/18/2026 1:23:36 PM ::1 GET /.well-known/appspecific/com.chrome.devtools.json
 HTTP  4/18/2026 1:23:36 PM ::1 Returned 200 in 1 ms
 HTTP  4/18/2026 1:23:36 PM ::1 GET /assets/index-DHBK4iuc.js
 HTTP  4/18/2026 1:23:36 PM ::1 Returned 200 in 1 ms
 HTTP  4/18/2026 1:23:36 PM ::1 GET /assets/index-DD_xxl_c.css
 HTTP  4/18/2026 1:23:36 PM ::1 Returned 200 in 0 ms
 HTTP  4/18/2026 1:24:36 PM ::1 GET /
 HTTP  4/18/2026 1:24:36 PM ::1 Returned 304 in 0 ms
 HTTP  4/18/2026 1:24:36 PM ::1 GET /assets/index-DD_xxl_c.css
 HTTP  4/18/2026 1:24:36 PM ::1 Returned 304 in 1 ms
 HTTP  4/18/2026 1:24:36 PM ::1 GET /assets/index-DHBK4iuc.js
 HTTP  4/18/2026 1:24:36 PM ::1 Returned 304 in 0 ms
 HTTP  4/18/2026 1:26:54 PM ::1 GET /
 HTTP  4/18/2026 1:26:54 PM ::1 Returned 200 in 1 ms
 HTTP  4/18/2026 1:27:03 PM ::1 GET /results/exams/1
 HTTP  4/18/2026 1:27:03 PM ::1 Returned 200 in 1 ms
 HTTP  4/18/2026 1:27:03 PM ::1 GET /assets/index-C5aAmjD9.js
 HTTP  4/18/2026 1:27:03 PM ::1 GET /assets/index-DD_xxl_c.css
 HTTP  4/18/2026 1:27:03 PM ::1 Returned 304 in 1 ms
 HTTP  4/18/2026 1:27:03 PM ::1 Returned 200 in 3 ms
 HTTP  4/18/2026 1:27:03 PM ::1 GET /favicon.svg
 HTTP  4/18/2026 1:27:03 PM ::1 Returned 304 in 1 ms
 HTTP  4/18/2026 1:27:03 PM ::1 GET /results/exams/1
 HTTP  4/18/2026 1:27:03 PM ::1 Returned 304 in 1 ms
 HTTP  4/18/2026 1:27:03 PM ::1 GET /assets/index-C5aAmjD9.js
 HTTP  4/18/2026 1:27:03 PM ::1 GET /assets/index-DD_xxl_c.css
 HTTP  4/18/2026 1:27:03 PM ::1 Returned 304 in 1 ms
 HTTP  4/18/2026 1:27:03 PM ::1 Returned 304 in 1 ms
 HTTP  4/18/2026 1:27:03 PM ::1 GET /favicon.svg
 HTTP  4/18/2026 1:27:03 PM ::1 Returned 304 in 0 ms
 HTTP  4/18/2026 1:27:04 PM ::1 GET /results/exams/1
 HTTP  4/18/2026 1:27:04 PM ::1 Returned 304 in 1 ms
 HTTP  4/18/2026 1:27:04 PM ::1 GET /assets/index-C5aAmjD9.js
 HTTP  4/18/2026 1:27:04 PM ::1 GET /assets/index-DD_xxl_c.css
 HTTP  4/18/2026 1:27:04 PM ::1 Returned 304 in 1 ms
 HTTP  4/18/2026 1:27:04 PM ::1 Returned 304 in 1 ms
 HTTP  4/18/2026 1:27:04 PM ::1 GET /favicon.svg
 HTTP  4/18/2026 1:27:04 PM ::1 Returned 304 in 1 ms
 HTTP  4/18/2026 1:27:04 PM ::1 GET /results/exams/1
 HTTP  4/18/2026 1:27:04 PM ::1 Returned 304 in 0 ms
 HTTP  4/18/2026 1:27:04 PM ::1 GET /assets/index-C5aAmjD9.js
 HTTP  4/18/2026 1:27:04 PM ::1 GET /assets/index-DD_xxl_c.css
 HTTP  4/18/2026 1:27:04 PM ::1 Returned 304 in 1 ms
 HTTP  4/18/2026 1:27:04 PM ::1 Returned 304 in 0 ms
 HTTP  4/18/2026 1:27:04 PM ::1 GET /favicon.svg
 HTTP  4/18/2026 1:27:04 PM ::1 Returned 304 in 0 ms
 HTTP  4/18/2026 1:27:05 PM ::1 GET /results/exams/1
 HTTP  4/18/2026 1:27:05 PM ::1 Returned 304 in 0 ms
 HTTP  4/18/2026 1:27:05 PM ::1 GET /assets/index-DD_xxl_c.css
 HTTP  4/18/2026 1:27:05 PM ::1 GET /assets/index-C5aAmjD9.js
 HTTP  4/18/2026 1:27:05 PM ::1 Returned 304 in 1 ms
 HTTP  4/18/2026 1:27:05 PM ::1 Returned 304 in 1 ms
 HTTP  4/18/2026 1:27:05 PM ::1 GET /favicon.svg
 HTTP  4/18/2026 1:27:05 PM ::1 Returned 304 in 1 ms
 HTTP  4/18/2026 1:27:05 PM ::1 GET /results/exams/1
 HTTP  4/18/2026 1:27:05 PM ::1 Returned 304 in 1 ms
 HTTP  4/18/2026 1:27:05 PM ::1 GET /assets/index-DD_xxl_c.css
 HTTP  4/18/2026 1:27:05 PM ::1 GET /assets/index-C5aAmjD9.js
 HTTP  4/18/2026 1:27:05 PM ::1 Returned 304 in 1 ms
 HTTP  4/18/2026 1:27:05 PM ::1 Returned 304 in 1 ms
 HTTP  4/18/2026 1:27:05 PM ::1 GET /favicon.svg
 HTTP  4/18/2026 1:27:05 PM ::1 Returned 304 in 1 ms
 HTTP  4/18/2026 1:27:05 PM ::1 GET /results/exams/1
 HTTP  4/18/2026 1:27:05 PM ::1 Returned 304 in 1 ms
 HTTP  4/18/2026 1:27:05 PM ::1 GET /assets/index-C5aAmjD9.js
 HTTP  4/18/2026 1:27:05 PM ::1 GET /assets/index-DD_xxl_c.css
 HTTP  4/18/2026 1:27:05 PM ::1 Returned 304 in 1 ms
 HTTP  4/18/2026 1:27:05 PM ::1 Returned 304 in 0 ms
 HTTP  4/18/2026 1:27:05 PM ::1 GET /favicon.svg
 HTTP  4/18/2026 1:27:05 PM ::1 Returned 304 in 0 ms
 HTTP  4/18/2026 1:27:05 PM ::1 GET /results/exams/1
 HTTP  4/18/2026 1:27:05 PM ::1 Returned 304 in 1 ms
 HTTP  4/18/2026 1:27:05 PM ::1 GET /assets/index-DD_xxl_c.css
 HTTP  4/18/2026 1:27:05 PM ::1 GET /assets/index-C5aAmjD9.js
 HTTP  4/18/2026 1:27:05 PM ::1 Returned 304 in 1 ms
 HTTP  4/18/2026 1:27:05 PM ::1 Returned 304 in 0 ms
 HTTP  4/18/2026 1:27:05 PM ::1 GET /favicon.svg
 HTTP  4/18/2026 1:27:05 PM ::1 Returned 304 in 1 ms
 HTTP  4/18/2026 1:27:05 PM ::1 GET /results/exams/1
 HTTP  4/18/2026 1:27:05 PM ::1 Returned 304 in 1 ms
 HTTP  4/18/2026 1:27:06 PM ::1 GET /assets/index-C5aAmjD9.js
 HTTP  4/18/2026 1:27:06 PM ::1 GET /assets/index-DD_xxl_c.css
 HTTP  4/18/2026 1:27:06 PM ::1 Returned 304 in 1 ms
 HTTP  4/18/2026 1:27:06 PM ::1 Returned 304 in 1 ms
 HTTP  4/18/2026 1:27:06 PM ::1 GET /favicon.svg
 HTTP  4/18/2026 1:27:06 PM ::1 Returned 304 in 1 ms
 HTTP  4/18/2026 1:27:06 PM ::1 GET /results/exams/1
 HTTP  4/18/2026 1:27:06 PM ::1 Returned 304 in 1 ms
 HTTP  4/18/2026 1:27:06 PM ::1 GET /assets/index-DD_xxl_c.css
 HTTP  4/18/2026 1:27:06 PM ::1 GET /assets/index-C5aAmjD9.js
 HTTP  4/18/2026 1:27:06 PM ::1 Returned 304 in 1 ms
 HTTP  4/18/2026 1:27:06 PM ::1 Returned 304 in 1 ms
 HTTP  4/18/2026 1:27:06 PM ::1 GET /favicon.svg
 HTTP  4/18/2026 1:27:06 PM ::1 Returned 304 in 1 ms
 HTTP  4/18/2026 1:27:06 PM ::1 GET /results/exams/1
 HTTP  4/18/2026 1:27:06 PM ::1 Returned 304 in 1 ms
 HTTP  4/18/2026 1:27:06 PM ::1 GET /assets/index-DD_xxl_c.css
 HTTP  4/18/2026 1:27:06 PM ::1 GET /assets/index-C5aAmjD9.js
 HTTP  4/18/2026 1:27:06 PM ::1 Returned 304 in 1 ms
 HTTP  4/18/2026 1:27:06 PM ::1 Returned 304 in 0 ms
 HTTP  4/18/2026 1:27:06 PM ::1 GET /favicon.svg
 HTTP  4/18/2026 1:27:06 PM ::1 Returned 304 in 1 ms
 HTTP  4/18/2026 1:27:06 PM ::1 GET /results/exams/1
 HTTP  4/18/2026 1:27:06 PM ::1 Returned 304 in 1 ms
 HTTP  4/18/2026 1:27:06 PM ::1 GET /assets/index-DD_xxl_c.css
 HTTP  4/18/2026 1:27:06 PM ::1 GET /assets/index-C5aAmjD9.js
 HTTP  4/18/2026 1:27:06 PM ::1 Returned 304 in 1 ms
 HTTP  4/18/2026 1:27:06 PM ::1 Returned 304 in 0 ms
 HTTP  4/18/2026 1:27:06 PM ::1 GET /favicon.svg
 HTTP  4/18/2026 1:27:06 PM ::1 Returned 304 in 0 ms
 HTTP  4/18/2026 1:27:06 PM ::1 GET /results/exams/1
 HTTP  4/18/2026 1:27:06 PM ::1 Returned 304 in 1 ms
 HTTP  4/18/2026 1:27:06 PM ::1 GET /assets/index-C5aAmjD9.js
 HTTP  4/18/2026 1:27:06 PM ::1 GET /assets/index-DD_xxl_c.css
 HTTP  4/18/2026 1:27:06 PM ::1 Returned 304 in 1 ms
 HTTP  4/18/2026 1:27:06 PM ::1 Returned 304 in 0 ms
 HTTP  4/18/2026 1:27:06 PM ::1 GET /favicon.svg
 HTTP  4/18/2026 1:27:06 PM ::1 Returned 304 in 1 ms
 HTTP  4/18/2026 1:27:07 PM ::1 GET /results/exams/1
 HTTP  4/18/2026 1:27:07 PM ::1 Returned 304 in 0 ms
 HTTP  4/18/2026 1:27:07 PM ::1 GET /assets/index-C5aAmjD9.js
 HTTP  4/18/2026 1:27:07 PM ::1 GET /assets/index-DD_xxl_c.css
 HTTP  4/18/2026 1:27:07 PM ::1 Returned 304 in 0 ms
 HTTP  4/18/2026 1:27:07 PM ::1 Returned 304 in 1 ms
 HTTP  4/18/2026 1:27:07 PM ::1 GET /favicon.svg
 HTTP  4/18/2026 1:27:07 PM ::1 Returned 304 in 1 ms
 HTTP  4/18/2026 1:27:07 PM ::1 GET /results/exams/1
 HTTP  4/18/2026 1:27:07 PM ::1 Returned 304 in 1 ms
 HTTP  4/18/2026 1:27:07 PM ::1 GET /assets/index-DD_xxl_c.css
 HTTP  4/18/2026 1:27:07 PM ::1 GET /assets/index-C5aAmjD9.js
 HTTP  4/18/2026 1:27:07 PM ::1 Returned 304 in 1 ms
 HTTP  4/18/2026 1:27:07 PM ::1 Returned 304 in 0 ms
 HTTP  4/18/2026 1:27:07 PM ::1 GET /favicon.svg
 HTTP  4/18/2026 1:27:07 PM ::1 Returned 304 in 1 ms
 HTTP  4/18/2026 1:27:07 PM ::1 GET /results/exams/1
 HTTP  4/18/2026 1:27:07 PM ::1 Returned 304 in 0 ms
 HTTP  4/18/2026 1:27:07 PM ::1 GET /assets/index-DD_xxl_c.css
 HTTP  4/18/2026 1:27:07 PM ::1 GET /assets/index-C5aAmjD9.js
 HTTP  4/18/2026 1:27:07 PM ::1 Returned 304 in 1 ms
 HTTP  4/18/2026 1:27:07 PM ::1 Returned 304 in 1 ms
 HTTP  4/18/2026 1:27:07 PM ::1 GET /favicon.svg
 HTTP  4/18/2026 1:27:07 PM ::1 Returned 304 in 1 ms
 HTTP  4/18/2026 1:27:45 PM ::1 GET /
 HTTP  4/18/2026 1:27:45 PM ::1 Returned 200 in 0 ms
 HTTP  4/18/2026 1:27:45 PM ::1 GET /assets/index-DD_xxl_c.css
 HTTP  4/18/2026 1:27:45 PM ::1 Returned 304 in 0 ms
 HTTP  4/18/2026 1:27:45 PM ::1 GET /assets/index-C5aAmjD9.js
 HTTP  4/18/2026 1:27:45 PM ::1 Returned 304 in 1 ms

 INFO  Gracefully shutting down. Please wait...
