 INFO  Accepting connections at http://localhost:5173
 HTTP  4/18/2026 1:33:58 PM ::1 GET /
 HTTP  4/18/2026 1:33:58 PM ::1 Returned 200 in 14 ms
 HTTP  4/18/2026 1:35:36 PM ::1 GET /question-banks
 HTTP  4/18/2026 1:35:36 PM ::1 Returned 200 in 2 ms
 HTTP  4/18/2026 1:35:36 PM ::1 GET /assets/index-Dd88U5s6.js
 HTTP  4/18/2026 1:35:36 PM ::1 GET /assets/index-51U2CpAx.css
 HTTP  4/18/2026 1:35:36 PM ::1 Returned 200 in 4 ms
 HTTP  4/18/2026 1:35:36 PM ::1 Returned 200 in 7 ms
 HTTP  4/18/2026 1:35:36 PM ::1 GET /favicon.svg
 HTTP  4/18/2026 1:35:36 PM ::1 Returned 304 in 1 ms
 HTTP  4/18/2026 1:35:36 PM ::1 GET /question-banks
 HTTP  4/18/2026 1:35:36 PM ::1 Returned 304 in 2 ms
 HTTP  4/18/2026 1:35:36 PM ::1 GET /assets/index-Dd88U5s6.js
 HTTP  4/18/2026 1:35:36 PM ::1 GET /assets/index-51U2CpAx.css
 HTTP  4/18/2026 1:35:36 PM ::1 Returned 304 in 1 ms
 HTTP  4/18/2026 1:35:36 PM ::1 Returned 304 in 2 ms
 HTTP  4/18/2026 1:35:36 PM ::1 GET /favicon.svg
 HTTP  4/18/2026 1:35:36 PM ::1 Returned 304 in 2 ms
 HTTP  4/18/2026 1:35:37 PM ::1 GET /question-banks
 HTTP  4/18/2026 1:35:37 PM ::1 Returned 304 in 2 ms
 HTTP  4/18/2026 1:35:37 PM ::1 GET /assets/index-51U2CpAx.css
 HTTP  4/18/2026 1:35:37 PM ::1 GET /assets/index-Dd88U5s6.js
 HTTP  4/18/2026 1:35:37 PM ::1 Returned 304 in 1 ms
 HTTP  4/18/2026 1:35:37 PM ::1 Returned 304 in 0 ms
 HTTP  4/18/2026 1:35:37 PM ::1 GET /favicon.svg
 HTTP  4/18/2026 1:35:37 PM ::1 Returned 304 in 1 ms
 HTTP  4/18/2026 1:35:37 PM ::1 GET /question-banks
 HTTP  4/18/2026 1:35:37 PM ::1 Returned 304 in 0 ms
 HTTP  4/18/2026 1:35:37 PM ::1 GET /assets/index-51U2CpAx.css
 HTTP  4/18/2026 1:35:37 PM ::1 GET /assets/index-Dd88U5s6.js
 HTTP  4/18/2026 1:35:37 PM ::1 Returned 304 in 1 ms
 HTTP  4/18/2026 1:35:37 PM ::1 Returned 304 in 2 ms
 HTTP  4/18/2026 1:35:37 PM ::1 GET /favicon.svg
 HTTP  4/18/2026 1:35:37 PM ::1 Returned 304 in 1 ms
 HTTP  4/18/2026 1:35:37 PM ::1 GET /question-banks
 HTTP  4/18/2026 1:35:37 PM ::1 Returned 304 in 1 ms
 HTTP  4/18/2026 1:35:37 PM ::1 GET /assets/index-51U2CpAx.css
 HTTP  4/18/2026 1:35:37 PM ::1 GET /assets/index-Dd88U5s6.js
 HTTP  4/18/2026 1:35:37 PM ::1 Returned 304 in 0 ms
 HTTP  4/18/2026 1:35:37 PM ::1 Returned 304 in 0 ms
 HTTP  4/18/2026 1:35:37 PM ::1 GET /favicon.svg
 HTTP  4/18/2026 1:35:37 PM ::1 Returned 304 in 1 ms
 HTTP  4/18/2026 1:35:37 PM ::1 GET /question-banks
 HTTP  4/18/2026 1:35:37 PM ::1 Returned 304 in 0 ms
 HTTP  4/18/2026 1:35:37 PM ::1 GET /assets/index-Dd88U5s6.js
 HTTP  4/18/2026 1:35:37 PM ::1 GET /assets/index-51U2CpAx.css
 HTTP  4/18/2026 1:35:37 PM ::1 Returned 304 in 0 ms
 HTTP  4/18/2026 1:35:37 PM ::1 Returned 304 in 1 ms
 HTTP  4/18/2026 1:35:37 PM ::1 GET /favicon.svg
 HTTP  4/18/2026 1:35:37 PM ::1 Returned 304 in 0 ms
 HTTP  4/18/2026 1:35:37 PM ::1 GET /question-banks
 HTTP  4/18/2026 1:35:37 PM ::1 Returned 304 in 1 ms
 HTTP  4/18/2026 1:35:37 PM ::1 GET /assets/index-51U2CpAx.css
 HTTP  4/18/2026 1:35:37 PM ::1 GET /assets/index-Dd88U5s6.js
 HTTP  4/18/2026 1:35:37 PM ::1 Returned 304 in 1 ms
 HTTP  4/18/2026 1:35:37 PM ::1 Returned 304 in 1 ms
 HTTP  4/18/2026 1:35:37 PM ::1 GET /favicon.svg
 HTTP  4/18/2026 1:35:37 PM ::1 Returned 304 in 1 ms
 HTTP  4/18/2026 1:35:38 PM ::1 GET /question-banks
 HTTP  4/18/2026 1:35:38 PM ::1 Returned 304 in 0 ms
 HTTP  4/18/2026 1:35:38 PM ::1 GET /assets/index-Dd88U5s6.js
 HTTP  4/18/2026 1:35:38 PM ::1 GET /assets/index-51U2CpAx.css
 HTTP  4/18/2026 1:35:38 PM ::1 Returned 304 in 1 ms
 HTTP  4/18/2026 1:35:38 PM ::1 Returned 304 in 1 ms
 HTTP  4/18/2026 1:35:38 PM ::1 GET /favicon.svg
 HTTP  4/18/2026 1:35:38 PM ::1 Returned 304 in 2 ms
 HTTP  4/18/2026 1:35:38 PM ::1 GET /question-banks
 HTTP  4/18/2026 1:35:38 PM ::1 Returned 304 in 1 ms
 HTTP  4/18/2026 1:35:38 PM ::1 GET /assets/index-Dd88U5s6.js
 HTTP  4/18/2026 1:35:38 PM ::1 GET /assets/index-51U2CpAx.css
 HTTP  4/18/2026 1:35:38 PM ::1 Returned 304 in 1 ms
 HTTP  4/18/2026 1:35:38 PM ::1 Returned 304 in 1 ms
 HTTP  4/18/2026 1:35:38 PM ::1 GET /favicon.svg
 HTTP  4/18/2026 1:35:38 PM ::1 Returned 304 in 1 ms
 HTTP  4/18/2026 1:35:38 PM ::1 GET /question-banks
 HTTP  4/18/2026 1:35:38 PM ::1 Returned 304 in 1 ms
 HTTP  4/18/2026 1:35:38 PM ::1 GET /assets/index-51U2CpAx.css
 HTTP  4/18/2026 1:35:38 PM ::1 GET /assets/index-Dd88U5s6.js
 HTTP  4/18/2026 1:35:38 PM ::1 Returned 304 in 1 ms
 HTTP  4/18/2026 1:35:38 PM ::1 Returned 304 in 1 ms
 HTTP  4/18/2026 1:35:38 PM ::1 GET /favicon.svg
 HTTP  4/18/2026 1:35:38 PM ::1 Returned 304 in 1 ms
 HTTP  4/18/2026 1:35:38 PM ::1 GET /question-banks
 HTTP  4/18/2026 1:35:38 PM ::1 Returned 304 in 1 ms
 HTTP  4/18/2026 1:35:38 PM ::1 GET /assets/index-Dd88U5s6.js
 HTTP  4/18/2026 1:35:38 PM ::1 GET /assets/index-51U2CpAx.css
 HTTP  4/18/2026 1:35:38 PM ::1 Returned 304 in 1 ms
 HTTP  4/18/2026 1:35:38 PM ::1 Returned 304 in 1 ms
 HTTP  4/18/2026 1:35:38 PM ::1 GET /favicon.svg
 HTTP  4/18/2026 1:35:38 PM ::1 Returned 304 in 1 ms
 HTTP  4/18/2026 1:35:39 PM ::1 GET /question-banks
 HTTP  4/18/2026 1:35:39 PM ::1 Returned 304 in 1 ms
 HTTP  4/18/2026 1:35:39 PM ::1 GET /assets/index-51U2CpAx.css
 HTTP  4/18/2026 1:35:39 PM ::1 GET /assets/index-Dd88U5s6.js
 HTTP  4/18/2026 1:35:39 PM ::1 Returned 304 in 1 ms
 HTTP  4/18/2026 1:35:39 PM ::1 Returned 304 in 1 ms
 HTTP  4/18/2026 1:35:39 PM ::1 GET /favicon.svg
 HTTP  4/18/2026 1:35:39 PM ::1 Returned 304 in 1 ms
 HTTP  4/18/2026 1:35:40 PM ::1 GET /question-banks
 HTTP  4/18/2026 1:35:40 PM ::1 Returned 304 in 1 ms
 HTTP  4/18/2026 1:35:40 PM ::1 GET /assets/index-51U2CpAx.css
 HTTP  4/18/2026 1:35:40 PM ::1 GET /assets/index-Dd88U5s6.js
 HTTP  4/18/2026 1:35:40 PM ::1 Returned 304 in 1 ms
 HTTP  4/18/2026 1:35:40 PM ::1 Returned 304 in 1 ms
 HTTP  4/18/2026 1:35:40 PM ::1 GET /favicon.svg
 HTTP  4/18/2026 1:35:40 PM ::1 Returned 304 in 1 ms
 HTTP  4/18/2026 1:35:41 PM ::1 GET /question-banks
 HTTP  4/18/2026 1:35:41 PM ::1 Returned 304 in 1 ms
 HTTP  4/18/2026 1:35:41 PM ::1 GET /assets/index-Dd88U5s6.js
 HTTP  4/18/2026 1:35:41 PM ::1 GET /assets/index-51U2CpAx.css
 HTTP  4/18/2026 1:35:41 PM ::1 Returned 304 in 1 ms
 HTTP  4/18/2026 1:35:41 PM ::1 Returned 304 in 1 ms
 HTTP  4/18/2026 1:35:41 PM ::1 GET /favicon.svg
 HTTP  4/18/2026 1:35:41 PM ::1 Returned 304 in 1 ms
 HTTP  4/18/2026 1:37:11 PM ::1 GET /settings
 HTTP  4/18/2026 1:37:11 PM ::1 Returned 200 in 5 ms
 HTTP  4/18/2026 1:37:11 PM ::1 GET /assets/index-Dd88U5s6.js
 HTTP  4/18/2026 1:37:11 PM ::1 Returned 304 in 1 ms
 HTTP  4/18/2026 1:37:11 PM ::1 GET /assets/index-51U2CpAx.css
 HTTP  4/18/2026 1:37:11 PM ::1 Returned 304 in 1 ms
 HTTP  4/18/2026 1:37:11 PM ::1 GET /favicon.svg
 HTTP  4/18/2026 1:37:11 PM ::1 Returned 304 in 1 ms
 HTTP  4/18/2026 1:37:12 PM ::1 GET /settings
 HTTP  4/18/2026 1:37:12 PM ::1 Returned 304 in 1 ms
 HTTP  4/18/2026 1:37:12 PM ::1 GET /assets/index-Dd88U5s6.js
 HTTP  4/18/2026 1:37:12 PM ::1 Returned 304 in 0 ms
 HTTP  4/18/2026 1:37:12 PM ::1 GET /assets/index-51U2CpAx.css
 HTTP  4/18/2026 1:37:12 PM ::1 Returned 304 in 0 ms
 HTTP  4/18/2026 1:37:12 PM ::1 GET /favicon.svg
 HTTP  4/18/2026 1:37:12 PM ::1 Returned 304 in 0 ms
 HTTP  4/18/2026 1:37:12 PM ::1 GET /settings
 HTTP  4/18/2026 1:37:12 PM ::1 Returned 304 in 1 ms
 HTTP  4/18/2026 1:37:12 PM ::1 GET /assets/index-Dd88U5s6.js
 HTTP  4/18/2026 1:37:12 PM ::1 GET /assets/index-51U2CpAx.css
 HTTP  4/18/2026 1:37:12 PM ::1 Returned 304 in 1 ms
 HTTP  4/18/2026 1:37:12 PM ::1 Returned 304 in 3 ms
 HTTP  4/18/2026 1:37:12 PM ::1 GET /favicon.svg
 HTTP  4/18/2026 1:37:12 PM ::1 Returned 304 in 0 ms
 HTTP  4/18/2026 1:37:12 PM ::1 GET /settings
 HTTP  4/18/2026 1:37:12 PM ::1 Returned 304 in 1 ms
 HTTP  4/18/2026 1:37:12 PM ::1 GET /assets/index-Dd88U5s6.js
 HTTP  4/18/2026 1:37:12 PM ::1 GET /assets/index-51U2CpAx.css
 HTTP  4/18/2026 1:37:12 PM ::1 Returned 304 in 1 ms
 HTTP  4/18/2026 1:37:12 PM ::1 Returned 304 in 1 ms
 HTTP  4/18/2026 1:37:12 PM ::1 GET /favicon.svg
 HTTP  4/18/2026 1:37:12 PM ::1 Returned 304 in 0 ms
 HTTP  4/18/2026 1:37:13 PM ::1 GET /settings
 HTTP  4/18/2026 1:37:13 PM ::1 Returned 304 in 1 ms
 HTTP  4/18/2026 1:37:13 PM ::1 GET /assets/index-51U2CpAx.css
 HTTP  4/18/2026 1:37:13 PM ::1 GET /assets/index-Dd88U5s6.js
 HTTP  4/18/2026 1:37:13 PM ::1 Returned 304 in 1 ms
 HTTP  4/18/2026 1:37:13 PM ::1 Returned 304 in 1 ms
 HTTP  4/18/2026 1:37:13 PM ::1 GET /favicon.svg
 HTTP  4/18/2026 1:37:13 PM ::1 Returned 304 in 1 ms
 HTTP  4/18/2026 1:37:13 PM ::1 GET /settings
 HTTP  4/18/2026 1:37:13 PM ::1 Returned 304 in 1 ms
 HTTP  4/18/2026 1:37:13 PM ::1 GET /assets/index-Dd88U5s6.js
 HTTP  4/18/2026 1:37:13 PM ::1 GET /assets/index-51U2CpAx.css
 HTTP  4/18/2026 1:37:13 PM ::1 Returned 304 in 1 ms
 HTTP  4/18/2026 1:37:13 PM ::1 Returned 304 in 0 ms
 HTTP  4/18/2026 1:37:13 PM ::1 GET /favicon.svg
 HTTP  4/18/2026 1:37:13 PM ::1 Returned 304 in 0 ms
 HTTP  4/18/2026 1:37:13 PM ::1 GET /settings
 HTTP  4/18/2026 1:37:13 PM ::1 Returned 304 in 1 ms
 HTTP  4/18/2026 1:37:13 PM ::1 GET /assets/index-51U2CpAx.css
 HTTP  4/18/2026 1:37:13 PM ::1 GET /assets/index-Dd88U5s6.js
 HTTP  4/18/2026 1:37:13 PM ::1 Returned 304 in 1 ms
 HTTP  4/18/2026 1:37:13 PM ::1 Returned 304 in 2 ms
 HTTP  4/18/2026 1:37:13 PM ::1 GET /favicon.svg
 HTTP  4/18/2026 1:37:13 PM ::1 Returned 304 in 1 ms
 HTTP  4/18/2026 1:37:13 PM ::1 GET /settings
 HTTP  4/18/2026 1:37:13 PM ::1 Returned 304 in 0 ms
 HTTP  4/18/2026 1:37:13 PM ::1 GET /assets/index-51U2CpAx.css
 HTTP  4/18/2026 1:37:13 PM ::1 GET /assets/index-Dd88U5s6.js
 HTTP  4/18/2026 1:37:13 PM ::1 Returned 304 in 0 ms
 HTTP  4/18/2026 1:37:13 PM ::1 Returned 304 in 0 ms
 HTTP  4/18/2026 1:37:13 PM ::1 GET /favicon.svg
 HTTP  4/18/2026 1:37:13 PM ::1 Returned 304 in 0 ms

 INFO  Gracefully shutting down. Please wait...
