 INFO  Accepting connections at http://localhost:5173
 HTTP  4/18/2026 11:20:26 AM ::1 GET /login
 HTTP  4/18/2026 11:20:26 AM ::1 Returned 200 in 12 ms
 HTTP  4/18/2026 11:20:29 AM ::1 GET /login
 HTTP  4/18/2026 11:20:29 AM ::1 Returned 200 in 2 ms
 HTTP  4/18/2026 11:20:30 AM ::1 GET /login
 HTTP  4/18/2026 11:20:30 AM ::1 Returned 200 in 1 ms
 HTTP  4/18/2026 11:20:30 AM ::1 GET /.well-known/appspecific/com.chrome.devtools.json
 HTTP  4/18/2026 11:20:30 AM ::1 Returned 200 in 1 ms
 HTTP  4/18/2026 11:20:30 AM ::1 GET /assets/index-DvKmiMML.js
 HTTP  4/18/2026 11:20:30 AM ::1 Returned 200 in 9 ms
 HTTP  4/18/2026 11:20:30 AM ::1 GET /favicon.svg
 HTTP  4/18/2026 11:20:30 AM ::1 Returned 200 in 2 ms
 HTTP  4/18/2026 11:20:33 AM ::1 GET /
 HTTP  4/18/2026 11:20:33 AM ::1 Returned 200 in 1 ms
 HTTP  4/18/2026 11:20:33 AM ::1 GET /login
 HTTP  4/18/2026 11:20:33 AM ::1 Returned 200 in 0 ms
 HTTP  4/18/2026 11:20:33 AM ::1 GET /.well-known/appspecific/com.chrome.devtools.json
 HTTP  4/18/2026 11:20:33 AM ::1 GET /assets/index-DvKmiMML.js
 HTTP  4/18/2026 11:20:33 AM ::1 Returned 200 in 1 ms
 HTTP  4/18/2026 11:20:33 AM ::1 Returned 200 in 6 ms
 HTTP  4/18/2026 11:20:33 AM ::1 GET /favicon.svg
 HTTP  4/18/2026 11:20:33 AM ::1 Returned 200 in 2 ms
 HTTP  4/18/2026 11:20:33 AM ::1 GET /login
 HTTP  4/18/2026 11:20:33 AM ::1 Returned 200 in 1 ms
 HTTP  4/18/2026 11:20:33 AM ::1 GET /.well-known/appspecific/com.chrome.devtools.json
 HTTP  4/18/2026 11:20:33 AM ::1 Returned 200 in 2 ms
 HTTP  4/18/2026 11:20:33 AM ::1 GET /assets/index-DvKmiMML.js
 HTTP  4/18/2026 11:20:33 AM ::1 Returned 200 in 1 ms
 HTTP  4/18/2026 11:20:33 AM ::1 GET /favicon.svg
 HTTP  4/18/2026 11:20:33 AM ::1 Returned 200 in 2 ms
 HTTP  4/18/2026 11:20:36 AM ::1 GET /login
 HTTP  4/18/2026 11:20:36 AM ::1 Returned 200 in 1 ms
 HTTP  4/18/2026 11:20:36 AM ::1 GET /.well-known/appspecific/com.chrome.devtools.json
 HTTP  4/18/2026 11:20:36 AM ::1 Returned 200 in 1 ms
 HTTP  4/18/2026 11:20:36 AM ::1 GET /assets/index-DvKmiMML.js
 HTTP  4/18/2026 11:20:36 AM ::1 Returned 200 in 1 ms
 HTTP  4/18/2026 11:20:36 AM ::1 GET /favicon.svg
 HTTP  4/18/2026 11:20:36 AM ::1 Returned 200 in 2 ms
 HTTP  4/18/2026 11:20:36 AM ::1 GET /
 HTTP  4/18/2026 11:20:36 AM ::1 Returned 200 in 1 ms
 HTTP  4/18/2026 11:20:36 AM ::1 GET /login
 HTTP  4/18/2026 11:20:36 AM ::1 Returned 200 in 0 ms
 HTTP  4/18/2026 11:20:36 AM ::1 GET /.well-known/appspecific/com.chrome.devtools.json
 HTTP  4/18/2026 11:20:36 AM ::1 Returned 200 in 1 ms
 HTTP  4/18/2026 11:20:36 AM ::1 GET /assets/index-DvKmiMML.js
 HTTP  4/18/2026 11:20:36 AM ::1 Returned 200 in 0 ms
 HTTP  4/18/2026 11:20:37 AM ::1 GET /favicon.svg
 HTTP  4/18/2026 11:20:37 AM ::1 Returned 200 in 1 ms
 HTTP  4/18/2026 11:20:37 AM ::1 GET /login
 HTTP  4/18/2026 11:20:37 AM ::1 Returned 200 in 0 ms
 HTTP  4/18/2026 11:20:37 AM ::1 GET /.well-known/appspecific/com.chrome.devtools.json
 HTTP  4/18/2026 11:20:37 AM ::1 Returned 200 in 2 ms
 HTTP  4/18/2026 11:20:37 AM ::1 GET /assets/index-DvKmiMML.js
 HTTP  4/18/2026 11:20:37 AM ::1 Returned 200 in 1 ms
 HTTP  4/18/2026 11:20:37 AM ::1 GET /favicon.svg
 HTTP  4/18/2026 11:20:37 AM ::1 Returned 200 in 2 ms
 HTTP  4/18/2026 11:20:40 AM ::1 GET /
 HTTP  4/18/2026 11:20:40 AM ::1 Returned 200 in 0 ms

 INFO  Gracefully shutting down. Please wait...
