
> frontend@0.0.0 dev
> vite --host 0.0.0.0 --port 5173


  VITE v8.0.8  ready in 168 ms

  ➜  Local:   http://localhost:5173/
  ➜  Network: http://192.168.18.247:5173/
10:02:05 AM [vite] (client) hmr update /src/lib/AdminLayout.tsx
10:02:05 AM [vite] (client) hmr update /src/lib/AdminLayout.tsx
10:07:33 AM [vite] (client) hmr update /src/pages/DashboardPage.tsx
10:08:03 AM [vite] (client) hmr update /src/App.tsx
10:10:28 AM [vite] (client) hmr update /src/index.css
10:11:03 AM [vite] (client) hmr update /src/lib/AdminLayout.tsx
10:11:37 AM [vite] (client) hmr update /src/pages/DashboardPage.tsx
10:11:59 AM [vite] (client) hmr update /src/pages/LoginPage.tsx
10:12:43 AM [vite] (client) hmr update /src/pages/UsersPage.tsx
10:12:44 AM [vite] (client) hmr update /src/pages/UsersPage.tsx
10:13:15 AM [vite] (client) hmr update /src/pages/QuestionBanksPage.tsx
10:14:03 AM [vite] (client) hmr update /src/pages/ExamsPage.tsx
10:14:37 AM [vite] (client) hmr update /src/pages/GroupsPage.tsx
10:15:22 AM [vite] (client) hmr update /src/pages/GradingPage.tsx
10:15:45 AM [vite] (client) hmr update /src/pages/OperatorTokenPage.tsx
10:16:28 AM [vite] (client) hmr update /src/pages/ReportsPage.tsx
10:17:13 AM [vite] (client) hmr update /src/pages/ExamParticipantsPage.tsx
10:17:30 AM [vite] (client) hmr update /src/pages/StartExamPage.tsx
10:18:21 AM [vite] (client) hmr update /src/pages/AttemptPage.tsx
10:21:16 AM [vite] (client) hmr update /src/pages/LoginPage.tsx
10:37:33 AM [vite] (client) hmr update /src/pages/DashboardPage.tsx
10:37:52 AM [vite] (client) hmr update /src/index.css
10:40:51 AM [vite] (client) hmr update /src/pages/DashboardPage.tsx
10:53:28 AM [vite] (client) hmr update /src/pages/UsersPage.tsx
10:56:02 AM [vite] (client) hmr update /src/pages/QuestionBanksPage.tsx
10:59:19 AM [vite] (client) hmr update /src/App.tsx
10:59:23 AM [vite] (client) hmr update /src/App.tsx
11:09:33 AM [vite] (client) hmr update /src/pages/LoginPage.tsx
11:09:40 AM [vite] (client) hmr update /src/pages/LoginPage.tsx
11:09:46 AM [vite] (client) hmr update /src/pages/LoginPage.tsx
11:09:54 AM [vite] (client) hmr update /src/pages/LoginPage.tsx
11:09:59 AM [vite] (client) hmr update /src/pages/LoginPage.tsx
11:10:15 AM [vite] (client) hmr update /src/pages/LoginPage.tsx
11:10:20 AM [vite] (client) hmr update /src/pages/LoginPage.tsx
11:10:26 AM [vite] (client) hmr update /src/pages/LoginPage.tsx
11:10:31 AM [vite] (client) hmr update /src/App.tsx, /src/pages/LoginPage.tsx, /src/pages/DashboardPage.tsx, /src/pages/GradingPage.tsx, /src/pages/OperatorTokenPage.tsx, /src/pages/ReportsPage.tsx, /src/lib/AdminLayout.tsx, /src/pages/QuestionBanksPage.tsx, /src/pages/UsersPage.tsx, /src/pages/ExamParticipantsPage.tsx, /src/pages/ExamsPage.tsx, /src/pages/GroupsPage.tsx
11:10:56 AM [vite] (client) hmr update /src/pages/LoginPage.tsx
11:11:07 AM [vite] (client) hmr update /src/pages/LoginPage.tsx
11:27:05 AM [vite] (client) hmr update /src/App.tsx
11:27:08 AM [vite] (client) hmr update /src/App.tsx
11:36:06 AM [vite] (client) hmr update /src/pages/ExamParticipantsPage.tsx
11:36:13 AM [vite] (client) hmr update /src/pages/ExamParticipantsPage.tsx
11:38:04 AM [vite] (client) hmr update /src/App.tsx
11:38:15 AM [vite] (client) hmr update /src/App.tsx
11:38:15 AM [vite] (client) hmr update /src/App.tsx
11:44:11 AM [vite] (client) hmr update /src/pages/ExamParticipantsPage.tsx
11:45:02 AM [vite] (client) hmr update /src/pages/ExamParticipantsPage.tsx
11:59:28 AM [vite] (client) hmr update /src/pages/OperatorTokenPage.tsx
11:59:39 AM [vite] (client) hmr update /src/pages/OperatorTokenPage.tsx
1:08:45 PM [vite] (client) hmr update /src/pages/OperatorTokenPage.tsx
1:09:53 PM [vite] (client) hmr update /src/pages/OperatorTokenPage.tsx
1:16:53 PM [vite] (client) hmr update /src/pages/ReportsPage.tsx
1:17:03 PM [vite] (client) hmr update /src/pages/ReportsPage.tsx
1:28:05 PM [vite] (client) hmr update /src/pages/ExamsPage.tsx
1:33:20 PM [vite] (client) hmr update /src/pages/ExamsPage.tsx
1:33:31 PM [vite] (client) hmr update /src/pages/ExamsPage.tsx
1:39:10 PM [vite] (client) hmr update /src/pages/OperatorTokenPage.tsx
1:39:23 PM [vite] (client) hmr update /src/pages/OperatorTokenPage.tsx
1:39:29 PM [vite] (client) hmr update /src/pages/OperatorTokenPage.tsx
1:39:34 PM [vite] (client) hmr update /src/pages/OperatorTokenPage.tsx
1:39:39 PM [vite] (client) hmr update /src/pages/OperatorTokenPage.tsx
1:39:42 PM [vite] (client) hmr update /src/pages/OperatorTokenPage.tsx
1:39:46 PM [vite] (client) hmr update /src/pages/OperatorTokenPage.tsx
1:40:00 PM [vite] (client) hmr update /src/pages/OperatorTokenPage.tsx
1:40:00 PM [vite] (client) hmr update /src/pages/OperatorTokenPage.tsx
1:43:59 PM [vite] (client) hmr update /src/pages/DashboardPage.tsx
1:47:58 PM [vite] (client) hmr update /src/pages/StartExamPage.tsx
1:51:32 PM [vite] (client) hmr update /src/pages/AttemptPage.tsx
1:51:51 PM [vite] (client) hmr update /src/pages/AttemptPage.tsx
1:52:24 PM [vite] (client) hmr update /src/pages/AttemptPage.tsx
1:55:37 PM [vite] (client) hmr update /src/pages/AttemptPage.tsx
1:55:45 PM [vite] (client) hmr update /src/pages/AttemptPage.tsx
1:55:59 PM [vite] (client) hmr update /src/pages/AttemptPage.tsx
2:01:12 PM [vite] (client) hmr update /src/pages/AttemptPage.tsx
2:02:16 PM [vite] (client) hmr update /src/pages/AttemptPage.tsx
2:08:11 PM [vite] (client) hmr update /src/pages/DashboardPage.tsx
2:08:12 PM [vite] (client) hmr update /src/pages/DashboardPage.tsx
2:08:32 PM [vite] (client) hmr update /src/pages/DashboardPage.tsx
2:08:51 PM [vite] (client) hmr update /src/pages/DashboardPage.tsx
2:10:14 PM [vite] (client) hmr update /src/pages/ExamsPage.tsx
2:10:26 PM [vite] (client) hmr update /src/pages/ExamsPage.tsx
2:11:00 PM [vite] (client) hmr update /src/pages/ExamsPage.tsx
2:23:02 PM [vite] (client) hmr update /src/pages/ExamsPage.tsx
2:23:55 PM [vite] (client) hmr update /src/pages/ExamsPage.tsx
2:29:58 PM [vite] (client) hmr update /src/pages/ExamsPage.tsx
2:30:13 PM [vite] (client) hmr update /src/pages/ExamsPage.tsx
2:31:17 PM [vite] (client) hmr update /src/pages/ExamsPage.tsx
2:31:55 PM [vite] (client) hmr update /src/pages/ExamsPage.tsx
2:57:27 PM [vite] (client) hmr update /src/pages/LoginPage.tsx
2:57:44 PM [vite] (client) hmr update /src/pages/LoginPage.tsx
2:58:00 PM [vite] (client) hmr update /src/pages/LoginPage.tsx
2:58:06 PM [vite] (client) hmr update /src/pages/LoginPage.tsx
2:58:06 PM [vite] (client) hmr update /src/pages/LoginPage.tsx
2:58:09 PM [vite] (client) hmr update /src/pages/LoginPage.tsx
2:58:09 PM [vite] (client) hmr update /src/pages/LoginPage.tsx
2:58:10 PM [vite] (client) hmr update /src/pages/LoginPage.tsx
2:58:52 PM [vite] (client) hmr update /src/pages/LoginPage.tsx
2:58:56 PM [vite] (client) hmr update /src/pages/LoginPage.tsx
2:58:59 PM [vite] (client) hmr update /src/pages/LoginPage.tsx
3:08:57 PM [vite] (client) hmr update /src/pages/DashboardPage.tsx
3:18:17 PM [vite] (client) hmr update /src/pages/ExamsPage.tsx
3:18:23 PM [vite] (client) hmr update /src/pages/ExamsPage.tsx
3:21:17 PM [vite] (client) hmr update /src/pages/ExamsPage.tsx
3:26:37 PM [vite] (client) hmr update /src/pages/ReportsPage.tsx
3:46:40 PM [vite] (client) hmr update /src/pages/ReportsPage.tsx
3:46:47 PM [vite] (client) hmr update /src/pages/ReportsPage.tsx
3:46:50 PM [vite] (client) hmr update /src/pages/ReportsPage.tsx
3:46:53 PM [vite] (client) hmr update /src/pages/ReportsPage.tsx
3:46:53 PM [vite] (client) hmr update /src/pages/ReportsPage.tsx
3:47:02 PM [vite] (client) hmr update /src/pages/ReportsPage.tsx
3:47:06 PM [vite] (client) hmr update /src/pages/ReportsPage.tsx
3:48:12 PM [vite] (client) hmr update /src/pages/ReportsPage.tsx
3:48:13 PM [vite] (client) hmr update /src/pages/ReportsPage.tsx
3:48:13 PM [vite] (client) hmr update /src/pages/ReportsPage.tsx
3:48:50 PM [vite] (client) hmr update /src/pages/ReportsPage.tsx
3:48:51 PM [vite] (client) hmr update /src/pages/ReportsPage.tsx
3:48:52 PM [vite] (client) hmr update /src/pages/ReportsPage.tsx
3:48:52 PM [vite] (client) hmr update /src/pages/ReportsPage.tsx
3:48:52 PM [vite] (client) hmr update /src/pages/ReportsPage.tsx
4:08:45 PM [vite] (client) hmr update /src/pages/ReportsPage.tsx
4:08:54 PM [vite] (client) hmr update /src/pages/ReportsPage.tsx
4:10:15 PM [vite] (client) hmr update /src/pages/ReportsPage.tsx
4:10:16 PM [vite] (client) hmr update /src/pages/ReportsPage.tsx
4:10:18 PM [vite] (client) hmr update /src/pages/ReportsPage.tsx
4:10:18 PM [vite] (client) hmr update /src/pages/ReportsPage.tsx
4:10:20 PM [vite] (client) hmr update /src/pages/ReportsPage.tsx
4:10:20 PM [vite] (client) hmr update /src/pages/ReportsPage.tsx
4:11:22 PM [vite] (client) hmr update /src/pages/ReportsPage.tsx
4:11:24 PM [vite] (client) hmr update /src/pages/ReportsPage.tsx
4:11:24 PM [vite] (client) hmr update /src/pages/ReportsPage.tsx
4:11:47 PM [vite] (client) hmr update /src/pages/ReportsPage.tsx
