 INFO  Accepting connections at http://localhost:5173
 HTTP  4/18/2026 11:29:55 AM ::1 GET /question-banks/1
 HTTP  4/18/2026 11:29:55 AM ::1 Returned 200 in 22 ms
 HTTP  4/18/2026 11:29:55 AM ::1 GET /assets/index-DqD8HN3u.js
 HTTP  4/18/2026 11:29:55 AM ::1 GET /assets/index-DLgjNNDl.css
 HTTP  4/18/2026 11:29:55 AM ::1 Returned 304 in 2 ms
 HTTP  4/18/2026 11:29:55 AM ::1 Returned 200 in 6 ms
 HTTP  4/18/2026 11:29:55 AM ::1 GET /favicon.svg
 HTTP  4/18/2026 11:29:55 AM ::1 Returned 304 in 2 ms
 HTTP  4/18/2026 11:29:58 AM ::1 GET /question-banks/1
 HTTP  4/18/2026 11:29:58 AM ::1 Returned 304 in 1 ms
 HTTP  4/18/2026 11:29:58 AM ::1 GET /assets/index-DqD8HN3u.js
 HTTP  4/18/2026 11:29:58 AM ::1 GET /assets/index-DLgjNNDl.css
 HTTP  4/18/2026 11:29:58 AM ::1 Returned 304 in 2 ms
 HTTP  4/18/2026 11:29:58 AM ::1 Returned 304 in 2 ms
 HTTP  4/18/2026 11:29:58 AM ::1 GET /favicon.svg
 HTTP  4/18/2026 11:29:58 AM ::1 Returned 304 in 1 ms
 HTTP  4/18/2026 11:29:59 AM ::1 GET /question-banks/1
 HTTP  4/18/2026 11:29:59 AM ::1 Returned 304 in 3 ms
 HTTP  4/18/2026 11:29:59 AM ::1 GET /assets/index-DqD8HN3u.js
 HTTP  4/18/2026 11:29:59 AM ::1 GET /assets/index-DLgjNNDl.css
 HTTP  4/18/2026 11:29:59 AM ::1 Returned 304 in 2 ms
 HTTP  4/18/2026 11:29:59 AM ::1 Returned 304 in 1 ms
 HTTP  4/18/2026 11:29:59 AM ::1 GET /favicon.svg
 HTTP  4/18/2026 11:29:59 AM ::1 Returned 304 in 1 ms
 HTTP  4/18/2026 11:30:00 AM ::1 GET /question-banks/1
 HTTP  4/18/2026 11:30:00 AM ::1 Returned 304 in 1 ms
 HTTP  4/18/2026 11:30:00 AM ::1 GET /assets/index-DqD8HN3u.js
 HTTP  4/18/2026 11:30:00 AM ::1 GET /assets/index-DLgjNNDl.css
 HTTP  4/18/2026 11:30:00 AM ::1 Returned 304 in 1 ms
 HTTP  4/18/2026 11:30:00 AM ::1 Returned 304 in 0 ms
 HTTP  4/18/2026 11:30:00 AM ::1 GET /favicon.svg
 HTTP  4/18/2026 11:30:00 AM ::1 Returned 304 in 1 ms
 HTTP  4/18/2026 11:30:44 AM ::1 GET /assets/index-DLgjNNDl.css
 HTTP  4/18/2026 11:30:44 AM ::1 Returned 304 in 2 ms
 HTTP  4/18/2026 11:30:44 AM ::1 GET /.well-known/appspecific/com.chrome.devtools.json
 HTTP  4/18/2026 11:30:44 AM ::1 Returned 200 in 1 ms
 HTTP  4/18/2026 11:30:56 AM ::1 GET /question-banks
 HTTP  4/18/2026 11:30:56 AM ::1 Returned 200 in 5 ms
 HTTP  4/18/2026 11:30:56 AM ::1 GET /assets/index-DqD8HN3u.js
 HTTP  4/18/2026 11:30:56 AM ::1 Returned 200 in 2 ms
 HTTP  4/18/2026 11:30:56 AM ::1 GET /assets/index-DLgjNNDl.css
 HTTP  4/18/2026 11:30:56 AM ::1 Returned 200 in 1 ms
 HTTP  4/18/2026 11:30:56 AM ::1 GET /.well-known/appspecific/com.chrome.devtools.json
 HTTP  4/18/2026 11:30:56 AM ::1 Returned 200 in 1 ms
 HTTP  4/18/2026 11:30:56 AM ::1 GET /favicon.svg
 HTTP  4/18/2026 11:30:56 AM ::1 Returned 200 in 1 ms
 HTTP  4/18/2026 11:30:56 AM ::1 GET /favicon.svg
 HTTP  4/18/2026 11:30:56 AM ::1 Returned 200 in 4 ms
 HTTP  4/18/2026 11:30:56 AM ::1 GET /favicon.svg
 HTTP  4/18/2026 11:30:56 AM ::1 Returned 200 in 1 ms
 HTTP  4/18/2026 11:30:57 AM ::1 GET /login
 HTTP  4/18/2026 11:30:57 AM ::1 Returned 200 in 2 ms
 HTTP  4/18/2026 11:30:57 AM ::1 GET /assets/index-DqD8HN3u.js
 HTTP  4/18/2026 11:30:57 AM ::1 GET /.well-known/appspecific/com.chrome.devtools.json
 HTTP  4/18/2026 11:30:57 AM ::1 Returned 200 in 1 ms
 HTTP  4/18/2026 11:30:57 AM ::1 GET /assets/index-DLgjNNDl.css
 HTTP  4/18/2026 11:30:57 AM ::1 Returned 200 in 2 ms
 HTTP  4/18/2026 11:30:57 AM ::1 Returned 200 in 2 ms
 HTTP  4/18/2026 11:30:57 AM ::1 GET /favicon.svg
 HTTP  4/18/2026 11:30:57 AM ::1 Returned 200 in 2 ms
 HTTP  4/18/2026 11:30:57 AM ::1 GET /login
 HTTP  4/18/2026 11:30:57 AM ::1 Returned 200 in 1 ms
 HTTP  4/18/2026 11:30:57 AM ::1 GET /.well-known/appspecific/com.chrome.devtools.json
 HTTP  4/18/2026 11:30:57 AM ::1 Returned 200 in 1 ms
 HTTP  4/18/2026 11:30:57 AM ::1 GET /assets/index-DqD8HN3u.js
 HTTP  4/18/2026 11:30:57 AM ::1 GET /assets/index-DLgjNNDl.css
 HTTP  4/18/2026 11:30:57 AM ::1 Returned 200 in 1 ms
 HTTP  4/18/2026 11:30:57 AM ::1 Returned 200 in 1 ms
 HTTP  4/18/2026 11:30:57 AM ::1 GET /favicon.svg
 HTTP  4/18/2026 11:30:57 AM ::1 Returned 200 in 1 ms
 HTTP  4/18/2026 11:31:10 AM ::1 GET /login
 HTTP  4/18/2026 11:31:10 AM ::1 Returned 200 in 8 ms
 HTTP  4/18/2026 11:31:10 AM ::1 GET /.well-known/appspecific/com.chrome.devtools.json
 HTTP  4/18/2026 11:31:10 AM ::1 Returned 200 in 1 ms
 HTTP  4/18/2026 11:31:10 AM ::1 GET /assets/index-DLgjNNDl.css
 HTTP  4/18/2026 11:31:10 AM ::1 Returned 200 in 1 ms
 HTTP  4/18/2026 11:31:10 AM ::1 GET /assets/index-DqD8HN3u.js
 HTTP  4/18/2026 11:31:10 AM ::1 Returned 200 in 1 ms
 HTTP  4/18/2026 11:31:10 AM ::1 GET /favicon.svg
 HTTP  4/18/2026 11:31:10 AM ::1 Returned 200 in 1 ms
 HTTP  4/18/2026 11:31:11 AM ::1 GET /login
 HTTP  4/18/2026 11:31:11 AM ::1 Returned 200 in 1 ms
 HTTP  4/18/2026 11:31:11 AM ::1 GET /.well-known/appspecific/com.chrome.devtools.json
 HTTP  4/18/2026 11:31:11 AM ::1 Returned 200 in 1 ms
 HTTP  4/18/2026 11:31:11 AM ::1 GET /assets/index-DqD8HN3u.js
 HTTP  4/18/2026 11:31:11 AM ::1 GET /assets/index-DLgjNNDl.css
 HTTP  4/18/2026 11:31:11 AM ::1 Returned 200 in 1 ms
 HTTP  4/18/2026 11:31:11 AM ::1 Returned 200 in 1 ms
 HTTP  4/18/2026 11:31:11 AM ::1 GET /favicon.svg
 HTTP  4/18/2026 11:31:11 AM ::1 Returned 200 in 1 ms
 HTTP  4/18/2026 11:31:11 AM ::1 GET /login
 HTTP  4/18/2026 11:31:11 AM ::1 Returned 200 in 1 ms
 HTTP  4/18/2026 11:31:11 AM ::1 GET /.well-known/appspecific/com.chrome.devtools.json
 HTTP  4/18/2026 11:31:11 AM ::1 Returned 200 in 2 ms
 HTTP  4/18/2026 11:31:11 AM ::1 GET /assets/index-DLgjNNDl.css
 HTTP  4/18/2026 11:31:11 AM ::1 GET /assets/index-DqD8HN3u.js
 HTTP  4/18/2026 11:31:11 AM ::1 Returned 200 in 0 ms
 HTTP  4/18/2026 11:31:11 AM ::1 Returned 200 in 0 ms
 HTTP  4/18/2026 11:31:12 AM ::1 GET /favicon.svg
 HTTP  4/18/2026 11:31:12 AM ::1 Returned 200 in 1 ms
 HTTP  4/18/2026 11:31:12 AM ::1 GET /login
 HTTP  4/18/2026 11:31:12 AM ::1 Returned 200 in 1 ms
 HTTP  4/18/2026 11:31:12 AM ::1 GET /.well-known/appspecific/com.chrome.devtools.json
 HTTP  4/18/2026 11:31:12 AM ::1 Returned 200 in 1 ms
 HTTP  4/18/2026 11:31:12 AM ::1 GET /assets/index-DLgjNNDl.css
 HTTP  4/18/2026 11:31:12 AM ::1 GET /assets/index-DqD8HN3u.js
 HTTP  4/18/2026 11:31:12 AM ::1 Returned 200 in 1 ms
 HTTP  4/18/2026 11:31:12 AM ::1 Returned 200 in 2 ms
 HTTP  4/18/2026 11:31:12 AM ::1 GET /favicon.svg
 HTTP  4/18/2026 11:31:12 AM ::1 Returned 200 in 2 ms
 HTTP  4/18/2026 11:31:13 AM ::1 GET /login
 HTTP  4/18/2026 11:31:13 AM ::1 Returned 200 in 2 ms
 HTTP  4/18/2026 11:31:13 AM ::1 GET /.well-known/appspecific/com.chrome.devtools.json
 HTTP  4/18/2026 11:31:13 AM ::1 Returned 200 in 2 ms
 HTTP  4/18/2026 11:31:13 AM ::1 GET /assets/index-DqD8HN3u.js
 HTTP  4/18/2026 11:31:13 AM ::1 Returned 200 in 1 ms
 HTTP  4/18/2026 11:31:13 AM ::1 GET /assets/index-DLgjNNDl.css
 HTTP  4/18/2026 11:31:13 AM ::1 Returned 200 in 1 ms
 HTTP  4/18/2026 11:31:13 AM ::1 GET /favicon.svg
 HTTP  4/18/2026 11:31:13 AM ::1 Returned 200 in 1 ms
 HTTP  4/18/2026 11:31:14 AM ::1 GET /login
 HTTP  4/18/2026 11:31:14 AM ::1 Returned 200 in 0 ms
 HTTP  4/18/2026 11:31:14 AM ::1 GET /.well-known/appspecific/com.chrome.devtools.json
 HTTP  4/18/2026 11:31:14 AM ::1 Returned 200 in 1 ms
 HTTP  4/18/2026 11:31:14 AM ::1 GET /assets/index-DLgjNNDl.css
 HTTP  4/18/2026 11:31:14 AM ::1 GET /assets/index-DqD8HN3u.js
 HTTP  4/18/2026 11:31:14 AM ::1 Returned 200 in 2 ms
 HTTP  4/18/2026 11:31:14 AM ::1 Returned 200 in 2 ms
 HTTP  4/18/2026 11:31:14 AM ::1 GET /favicon.svg
 HTTP  4/18/2026 11:31:14 AM ::1 Returned 200 in 1 ms
 HTTP  4/18/2026 11:31:22 AM ::1 GET /
 HTTP  4/18/2026 11:31:22 AM ::1 Returned 200 in 1 ms
 HTTP  4/18/2026 11:31:22 AM ::1 GET /.well-known/appspecific/com.chrome.devtools.json
 HTTP  4/18/2026 11:31:22 AM ::1 Returned 200 in 2 ms
 HTTP  4/18/2026 11:31:22 AM ::1 GET /assets/index-DLgjNNDl.css
 HTTP  4/18/2026 11:31:22 AM ::1 GET /assets/index-DqD8HN3u.js
 HTTP  4/18/2026 11:31:22 AM ::1 Returned 200 in 1 ms
 HTTP  4/18/2026 11:31:22 AM ::1 Returned 200 in 0 ms
 HTTP  4/18/2026 11:32:14 AM ::1 GET /question-banks/2
 HTTP  4/18/2026 11:32:14 AM ::1 Returned 200 in 1 ms
 HTTP  4/18/2026 11:32:14 AM ::1 GET /assets/index-DLgjNNDl.css
 HTTP  4/18/2026 11:32:14 AM ::1 Returned 304 in 1 ms
 HTTP  4/18/2026 11:32:14 AM ::1 GET /assets/index-DqD8HN3u.js
 HTTP  4/18/2026 11:32:14 AM ::1 Returned 304 in 0 ms
 HTTP  4/18/2026 11:32:14 AM ::1 GET /favicon.svg
 HTTP  4/18/2026 11:32:14 AM ::1 Returned 304 in 1 ms
 HTTP  4/18/2026 11:32:15 AM ::1 GET /question-banks/2
 HTTP  4/18/2026 11:32:15 AM ::1 Returned 304 in 0 ms
 HTTP  4/18/2026 11:32:15 AM ::1 GET /assets/index-DqD8HN3u.js
 HTTP  4/18/2026 11:32:15 AM ::1 GET /assets/index-DLgjNNDl.css
 HTTP  4/18/2026 11:32:15 AM ::1 Returned 304 in 0 ms
 HTTP  4/18/2026 11:32:15 AM ::1 Returned 304 in 1 ms
 HTTP  4/18/2026 11:32:15 AM ::1 GET /favicon.svg
 HTTP  4/18/2026 11:32:15 AM ::1 Returned 304 in 0 ms
 HTTP  4/18/2026 11:32:15 AM ::1 GET /question-banks/2
 HTTP  4/18/2026 11:32:15 AM ::1 Returned 304 in 2 ms
 HTTP  4/18/2026 11:32:15 AM ::1 GET /assets/index-DqD8HN3u.js
 HTTP  4/18/2026 11:32:15 AM ::1 GET /assets/index-DLgjNNDl.css
 HTTP  4/18/2026 11:32:15 AM ::1 Returned 304 in 2 ms
 HTTP  4/18/2026 11:32:15 AM ::1 Returned 304 in 2 ms
 HTTP  4/18/2026 11:32:15 AM ::1 GET /favicon.svg
 HTTP  4/18/2026 11:32:15 AM ::1 Returned 304 in 1 ms
 HTTP  4/18/2026 11:32:16 AM ::1 GET /question-banks/2
 HTTP  4/18/2026 11:32:16 AM ::1 Returned 304 in 1 ms
 HTTP  4/18/2026 11:32:16 AM ::1 GET /assets/index-DqD8HN3u.js
 HTTP  4/18/2026 11:32:16 AM ::1 GET /assets/index-DLgjNNDl.css
 HTTP  4/18/2026 11:32:16 AM ::1 Returned 304 in 1 ms
 HTTP  4/18/2026 11:32:16 AM ::1 Returned 304 in 1 ms
 HTTP  4/18/2026 11:32:16 AM ::1 GET /favicon.svg
 HTTP  4/18/2026 11:32:16 AM ::1 Returned 304 in 1 ms
 HTTP  4/18/2026 11:33:14 AM ::1 GET /question-banks/2
 HTTP  4/18/2026 11:33:14 AM ::1 Returned 304 in 1 ms
 HTTP  4/18/2026 11:33:14 AM ::1 GET /assets/index-DqD8HN3u.js
 HTTP  4/18/2026 11:33:14 AM ::1 Returned 304 in 1 ms
 HTTP  4/18/2026 11:33:14 AM ::1 GET /assets/index-DLgjNNDl.css
 HTTP  4/18/2026 11:33:14 AM ::1 Returned 304 in 1 ms
 HTTP  4/18/2026 11:33:14 AM ::1 GET /favicon.svg
 HTTP  4/18/2026 11:33:14 AM ::1 Returned 304 in 0 ms
 HTTP  4/18/2026 11:33:14 AM ::1 GET /question-banks/2
 HTTP  4/18/2026 11:33:14 AM ::1 Returned 304 in 1 ms
 HTTP  4/18/2026 11:33:14 AM ::1 GET /assets/index-DqD8HN3u.js
 HTTP  4/18/2026 11:33:14 AM ::1 GET /assets/index-DLgjNNDl.css
 HTTP  4/18/2026 11:33:14 AM ::1 Returned 304 in 0 ms
 HTTP  4/18/2026 11:33:14 AM ::1 Returned 304 in 1 ms
 HTTP  4/18/2026 11:33:14 AM ::1 GET /favicon.svg
 HTTP  4/18/2026 11:33:14 AM ::1 Returned 304 in 0 ms
 HTTP  4/18/2026 11:33:14 AM ::1 GET /question-banks/2
 HTTP  4/18/2026 11:33:14 AM ::1 Returned 304 in 1 ms
 HTTP  4/18/2026 11:33:14 AM ::1 GET /assets/index-DLgjNNDl.css
 HTTP  4/18/2026 11:33:14 AM ::1 GET /assets/index-DqD8HN3u.js
 HTTP  4/18/2026 11:33:14 AM ::1 Returned 304 in 1 ms
 HTTP  4/18/2026 11:33:14 AM ::1 Returned 304 in 2 ms
 HTTP  4/18/2026 11:33:14 AM ::1 GET /favicon.svg
 HTTP  4/18/2026 11:33:14 AM ::1 Returned 304 in 0 ms
 HTTP  4/18/2026 11:33:15 AM ::1 GET /question-banks/2
 HTTP  4/18/2026 11:33:15 AM ::1 Returned 304 in 1 ms
 HTTP  4/18/2026 11:33:15 AM ::1 GET /assets/index-DLgjNNDl.css
 HTTP  4/18/2026 11:33:15 AM ::1 GET /assets/index-DqD8HN3u.js
 HTTP  4/18/2026 11:33:15 AM ::1 Returned 304 in 0 ms
 HTTP  4/18/2026 11:33:15 AM ::1 Returned 304 in 0 ms
 HTTP  4/18/2026 11:33:15 AM ::1 GET /favicon.svg
 HTTP  4/18/2026 11:33:15 AM ::1 Returned 304 in 0 ms

 INFO  Gracefully shutting down. Please wait...
