
   INFO  Server running on [http://0.0.0.0:8000].  

  Press Ctrl+C to stop the server

  2026-04-16 08:59:23 /api/exams/1/reports/export.pdf .............. ~ 0.06ms
  2026-04-16 09:00:56 /api/exams/1/analytics/summary ............. ~ 505.05ms
  2026-04-16 09:00:56 /api/exams/1/analytics/item-analysis ....... ~ 505.32ms
  2026-04-16 09:00:56 /api/exams/1/reports/ranking ............... ~ 505.50ms
  2026-04-16 09:00:56 /api/exams/1/analytics/summary ............. ~ 505.93ms
  2026-04-16 09:00:56 /api/exams/1/analytics/item-analysis ......... ~ 1.04ms
  2026-04-16 09:00:56 /api/exams/1/reports/ranking ................. ~ 0.15ms
  2026-04-16 09:00:56 /api/exams/1/analytics/summary ............... ~ 0.14ms
  2026-04-16 09:00:56 /api/exams/1/analytics/item-analysis ......... ~ 0.12ms
  2026-04-16 09:00:56 /api/exams/1/reports/ranking ................. ~ 0.10ms
  2026-04-16 09:00:56 /api/exams/1/analytics/summary ............... ~ 0.15ms
  2026-04-16 09:00:56 /api/exams/1/analytics/item-analysis ......... ~ 0.12ms
  2026-04-16 09:00:56 /api/exams/1/reports/ranking ................. ~ 0.09ms
  2026-04-16 09:00:57 /api/exams/1/analytics/summary ............... ~ 0.02ms
  2026-04-16 09:00:57 /api/exams/1/analytics/item-analysis ......... ~ 0.12ms
  2026-04-16 09:00:57 /api/exams/1/reports/ranking ................. ~ 0.09ms
  2026-04-16 09:00:57 /api/exams/1/analytics/summary ............... ~ 0.12ms
  2026-04-16 09:00:57 /api/exams/1/analytics/item-analysis ......... ~ 0.12ms
  2026-04-16 09:00:57 /api/exams/1/reports/ranking ................. ~ 0.09ms
  2026-04-16 09:00:57 /api/exams/1/analytics/summary ............... ~ 0.17ms
  2026-04-16 09:00:57 /api/exams/1/analytics/item-analysis ......... ~ 0.12ms
  2026-04-16 09:00:57 /api/exams/1/reports/ranking ................. ~ 0.10ms
  2026-04-16 09:00:57 /api/exams/1/analytics/summary ............... ~ 0.13ms
  2026-04-16 09:00:57 /api/exams/1/analytics/item-analysis ......... ~ 0.11ms
  2026-04-16 09:00:57 /api/exams/1/reports/ranking ................. ~ 0.09ms
  2026-04-16 09:00:57 /api/exams/1/analytics/summary ............. ~ 506.89ms
  2026-04-16 09:00:57 /api/exams/1/analytics/item-analysis ....... ~ 508.20ms
  2026-04-16 09:00:57 /api/exams/1/reports/ranking ............... ~ 508.65ms
  2026-04-16 09:00:57 /api/exams/1/analytics/summary ............. ~ 509.26ms
  2026-04-16 09:00:57 /api/exams/1/analytics/item-analysis ......... ~ 1.80ms
  2026-04-16 09:00:57 /api/exams/1/reports/ranking ................. ~ 0.55ms
  2026-04-16 09:00:57 /api/exams/1/analytics/summary ............... ~ 0.45ms
  2026-04-16 09:00:57 /api/exams/1/analytics/item-analysis ......... ~ 0.42ms
  2026-04-16 09:00:57 /api/exams/1/reports/ranking ................. ~ 0.34ms
  2026-04-16 09:00:57 /api/exams/1/analytics/summary ............... ~ 0.49ms
  2026-04-16 09:00:57 /api/exams/1/analytics/item-analysis ......... ~ 0.66ms
  2026-04-16 09:00:57 /api/exams/1/reports/ranking ................. ~ 0.45ms
  2026-04-16 09:00:59 /api/exams/1/reports/export.pdf .............. ~ 0.20ms
  2026-04-16 09:02:54 /api/exams/1/analytics/summary ............... ~ 4.65ms
  2026-04-16 09:02:54 /api/exams/1/analytics/item-analysis ......... ~ 4.85ms
  2026-04-16 09:02:54 /api/exams/1/reports/ranking ................. ~ 0.15ms
  2026-04-16 09:02:54 /api/exams/1/analytics/summary ............... ~ 0.19ms
  2026-04-16 09:02:54 /api/exams/1/analytics/item-analysis ......... ~ 0.18ms
  2026-04-16 09:02:54 /api/exams/1/reports/ranking ................. ~ 0.14ms
  2026-04-16 09:02:54 /api/exams/1/analytics/summary ............... ~ 0.19ms
  2026-04-16 09:02:54 /api/exams/1/analytics/item-analysis ......... ~ 0.17ms
  2026-04-16 09:02:54 /api/exams/1/reports/ranking ................. ~ 0.14ms
  2026-04-16 09:02:54 /api/exams/1/analytics/summary ............... ~ 0.19ms
  2026-04-16 09:02:54 /api/exams/1/analytics/item-analysis ......... ~ 0.17ms
  2026-04-16 09:02:54 /api/exams/1/reports/ranking ................. ~ 0.13ms
  2026-04-16 09:02:54 /api/exams/1/analytics/summary ............... ~ 0.07ms
  2026-04-16 09:02:54 /api/exams/1/analytics/item-analysis ......... ~ 0.20ms
  2026-04-16 09:02:54 /api/exams/1/reports/ranking ................. ~ 0.29ms
  2026-04-16 09:02:54 /api/exams/1/analytics/summary ............... ~ 0.23ms
  2026-04-16 09:02:54 /api/exams/1/analytics/item-analysis ......... ~ 0.11ms
  2026-04-16 09:02:54 /api/exams/1/reports/ranking ................. ~ 0.09ms
  2026-04-16 09:02:54 /api/exams/1/analytics/summary ............... ~ 0.14ms
  2026-04-16 09:02:54 /api/exams/1/analytics/item-analysis ......... ~ 0.12ms
  2026-04-16 09:02:54 /api/exams/1/reports/ranking ................. ~ 0.10ms
  2026-04-16 09:02:54 /api/exams/1/analytics/summary ............... ~ 0.13ms
  2026-04-16 09:02:54 /api/exams/1/analytics/item-analysis ......... ~ 0.12ms
  2026-04-16 09:02:55 /api/exams/1/reports/ranking ................. ~ 0.08ms
  2026-04-16 09:02:55 /api/exams/1/analytics/summary ............... ~ 0.02ms
  2026-04-16 09:02:55 /api/exams/1/analytics/item-analysis ......... ~ 0.11ms
  2026-04-16 09:02:55 /api/exams/1/reports/ranking ................. ~ 0.09ms
  2026-04-16 09:02:55 /api/exams/1/analytics/summary ............... ~ 0.12ms
  2026-04-16 09:02:55 /api/exams/1/analytics/item-analysis ......... ~ 0.11ms
  2026-04-16 09:02:55 /api/exams/1/reports/ranking ................. ~ 0.09ms
  2026-04-16 09:02:55 /api/exams/1/analytics/summary ............... ~ 0.12ms
  2026-04-16 09:02:55 /api/exams/1/analytics/item-analysis ......... ~ 0.11ms
  2026-04-16 09:02:55 /api/exams/1/reports/ranking ................. ~ 0.09ms
  2026-04-16 09:02:55 /api/exams/1/analytics/summary ............... ~ 0.12ms
  2026-04-16 09:02:55 /api/exams/1/analytics/item-analysis ......... ~ 0.11ms
  2026-04-16 09:02:55 /api/exams/1/reports/ranking ................. ~ 0.08ms
  2026-04-16 09:02:55 /api/exams/1/analytics/summary ............... ~ 0.10ms
  2026-04-16 09:02:55 /api/exams/1/analytics/item-analysis ......... ~ 0.39ms
  2026-04-16 09:02:55 /api/exams/1/reports/ranking ................. ~ 0.20ms
  2026-04-16 09:02:55 /api/exams/1/analytics/summary ............... ~ 0.22ms
  2026-04-16 09:02:55 /api/exams/1/analytics/item-analysis ......... ~ 0.20ms
  2026-04-16 09:02:55 /api/exams/1/reports/ranking ................. ~ 0.16ms
  2026-04-16 09:02:55 /api/exams/1/analytics/summary ............... ~ 0.21ms
  2026-04-16 09:02:55 /api/exams/1/analytics/item-analysis ......... ~ 0.19ms
  2026-04-16 09:02:55 /api/exams/1/reports/ranking ................. ~ 0.15ms
  2026-04-16 09:02:55 /api/exams/1/analytics/summary ............... ~ 0.21ms
  2026-04-16 09:02:55 /api/exams/1/analytics/item-analysis ......... ~ 0.19ms
  2026-04-16 09:02:55 /api/exams/1/reports/ranking ................. ~ 0.14ms
  2026-04-16 09:02:55 /api/exams/1/analytics/summary ............... ~ 0.03ms
  2026-04-16 09:02:55 /api/exams/1/analytics/item-analysis ......... ~ 0.19ms
  2026-04-16 09:02:55 /api/exams/1/reports/ranking ................. ~ 0.15ms
  2026-04-16 09:02:55 /api/exams/1/analytics/summary ............... ~ 0.21ms
  2026-04-16 09:02:55 /api/exams/1/analytics/item-analysis ......... ~ 0.19ms
  2026-04-16 09:02:55 /api/exams/1/reports/ranking ................. ~ 0.13ms
  2026-04-16 09:02:55 /api/exams/1/analytics/summary ............... ~ 0.18ms
  2026-04-16 09:02:55 /api/exams/1/analytics/item-analysis ......... ~ 0.17ms
  2026-04-16 09:02:55 /api/exams/1/reports/ranking ................. ~ 0.13ms
  2026-04-16 09:02:55 /api/exams/1/analytics/summary ............... ~ 0.18ms
  2026-04-16 09:02:55 /api/exams/1/analytics/item-analysis ......... ~ 0.17ms
  2026-04-16 09:02:55 /api/exams/1/reports/ranking ................. ~ 0.13ms
  2026-04-16 09:02:55 /api/exams/1/analytics/summary ............... ~ 0.40ms
  2026-04-16 09:02:55 /api/exams/1/analytics/item-analysis ......... ~ 0.14ms
  2026-04-16 09:02:55 /api/exams/1/reports/ranking ................. ~ 0.63ms
  2026-04-16 09:02:55 /api/exams/1/analytics/summary ............... ~ 0.94ms
  2026-04-16 09:02:55 /api/exams/1/analytics/item-analysis ......... ~ 0.83ms
  2026-04-16 09:02:55 /api/exams/1/reports/ranking ................. ~ 0.60ms
  2026-04-16 09:02:55 /api/exams/1/analytics/summary ............... ~ 0.81ms
  2026-04-16 09:02:55 /api/exams/1/analytics/item-analysis ......... ~ 0.71ms
  2026-04-16 09:02:55 /api/exams/1/reports/ranking ................. ~ 0.58ms
  2026-04-16 09:02:55 /api/exams/1/analytics/summary ............... ~ 0.75ms
  2026-04-16 09:02:55 /api/exams/1/analytics/item-analysis ......... ~ 0.67ms
  2026-04-16 09:02:55 /api/exams/1/reports/ranking ................. ~ 0.26ms
  2026-04-16 09:02:56 /api/exams/1/analytics/summary ............... ~ 0.13ms
  2026-04-16 09:02:56 /api/exams/1/analytics/item-analysis ......... ~ 0.32ms
  2026-04-16 09:02:56 /api/exams/1/reports/ranking ................. ~ 0.42ms
  2026-04-16 09:02:56 /api/exams/1/analytics/summary ............... ~ 0.31ms
  2026-04-16 09:02:56 /api/exams/1/analytics/item-analysis ......... ~ 0.17ms
  2026-04-16 09:02:56 /api/exams/1/reports/ranking ................. ~ 0.13ms
  2026-04-16 09:02:56 /api/exams/1/analytics/summary ............... ~ 0.18ms
  2026-04-16 09:02:56 /api/exams/1/analytics/item-analysis ......... ~ 0.17ms
  2026-04-16 09:02:56 /api/exams/1/reports/ranking ................. ~ 0.13ms
  2026-04-16 09:02:56 /api/exams/1/analytics/summary ............... ~ 0.18ms
  2026-04-16 09:02:56 /api/exams/1/analytics/item-analysis ......... ~ 0.17ms
  2026-04-16 09:02:56 /api/exams/1/reports/ranking ................. ~ 0.13ms
  2026-04-16 09:03:13 /api/exams/1/analytics/summary ............... ~ 0.12ms
  2026-04-16 09:03:13 /api/exams/1/analytics/item-analysis ......... ~ 0.04ms
  2026-04-16 09:03:13 /api/exams/1/reports/ranking ................. ~ 0.20ms
  2026-04-16 09:03:13 /api/exams/1/analytics/summary ............... ~ 0.23ms
  2026-04-16 09:03:13 /api/exams/1/analytics/item-analysis ......... ~ 0.21ms
  2026-04-16 09:03:13 /api/exams/1/reports/ranking ................. ~ 0.16ms
  2026-04-16 09:03:13 /api/exams/1/analytics/summary ............... ~ 0.22ms
  2026-04-16 09:03:13 /api/exams/1/analytics/item-analysis ......... ~ 0.21ms
  2026-04-16 09:03:13 /api/exams/1/reports/ranking ................. ~ 0.16ms
  2026-04-16 09:03:13 /api/exams/1/analytics/summary ............... ~ 0.21ms
  2026-04-16 09:03:13 /api/exams/1/analytics/item-analysis ......... ~ 0.20ms
  2026-04-16 09:03:13 /api/exams/1/reports/ranking ................. ~ 0.15ms
  2026-04-16 09:03:13 /api/exams/1/analytics/summary ............... ~ 0.13ms
  2026-04-16 09:03:13 /api/exams/1/analytics/item-analysis ......... ~ 0.33ms
  2026-04-16 09:03:13 /api/exams/1/reports/ranking ................. ~ 0.18ms
  2026-04-16 09:03:13 /api/exams/1/analytics/summary ............... ~ 0.22ms
  2026-04-16 09:03:13 /api/exams/1/analytics/item-analysis ......... ~ 0.20ms
  2026-04-16 09:03:13 /api/exams/1/reports/ranking ................. ~ 0.16ms
  2026-04-16 09:03:13 /api/exams/1/analytics/summary ............... ~ 0.21ms
  2026-04-16 09:03:13 /api/exams/1/analytics/item-analysis ......... ~ 0.20ms
  2026-04-16 09:03:13 /api/exams/1/reports/ranking ................. ~ 0.16ms
  2026-04-16 09:03:13 /api/exams/1/analytics/summary ............... ~ 0.21ms
  2026-04-16 09:03:13 /api/exams/1/analytics/item-analysis ......... ~ 0.20ms
  2026-04-16 09:03:13 /api/exams/1/reports/ranking ................. ~ 0.15ms
  2026-04-16 09:03:13 /api/exams/1/analytics/summary ............... ~ 0.03ms
  2026-04-16 09:03:13 /api/exams/1/analytics/item-analysis ......... ~ 0.20ms
  2026-04-16 09:03:13 /api/exams/1/reports/ranking ................. ~ 0.16ms
  2026-04-16 09:03:13 /api/exams/1/analytics/summary ............... ~ 0.24ms
  2026-04-16 09:03:13 /api/exams/1/analytics/item-analysis ......... ~ 0.20ms
  2026-04-16 09:03:13 /api/exams/1/reports/ranking ................. ~ 0.16ms
  2026-04-16 09:03:13 /api/exams/1/analytics/summary ............... ~ 0.22ms
  2026-04-16 09:03:13 /api/exams/1/analytics/item-analysis ......... ~ 0.20ms
  2026-04-16 09:03:13 /api/exams/1/reports/ranking ................. ~ 0.16ms
  2026-04-16 09:03:13 /api/exams/1/analytics/summary ............... ~ 0.21ms
  2026-04-16 09:03:13 /api/exams/1/analytics/item-analysis ......... ~ 0.20ms
  2026-04-16 09:03:13 /api/exams/1/reports/ranking ................. ~ 0.17ms
  2026-04-16 09:03:16 /api/exams/1/reports/export.pdf .............. ~ 0.07ms
  2026-04-16 09:03:47 /api/grading/pending-essays .................. ~ 0.65ms
  2026-04-16 09:03:47 /api/grading/pending-essays .................. ~ 0.89ms
  2026-04-16 09:03:48 /api/grading/pending-essays .................. ~ 0.04ms
  2026-04-16 09:03:48 /api/grading/pending-essays .................. ~ 0.03ms
  2026-04-16 09:03:50 /api/groups .................................. ~ 0.36ms
  2026-04-16 09:03:50 /api/groups .................................. ~ 1.29ms
  2026-04-16 09:03:50 /api/groups .................................. ~ 0.08ms
  2026-04-16 09:03:50 /api/groups .................................. ~ 0.07ms
  2026-04-16 09:03:52 /api/exams ................................... ~ 0.12ms
  2026-04-16 09:03:52 /api/exams ................................... ~ 0.47ms
  2026-04-16 09:03:52 /api/exams ................................. ~ 504.16ms
  2026-04-16 09:03:52 /api/exams ................................... ~ 0.12ms
  2026-04-16 09:03:54 /api/groups .................................. ~ 0.26ms
  2026-04-16 09:03:54 /api/groups .................................. ~ 0.94ms
  2026-04-16 09:03:54 /api/groups .................................. ~ 0.06ms
  2026-04-16 09:03:54 /api/groups .................................. ~ 0.06ms
  2026-04-16 09:03:55 /api/exams ................................... ~ 0.29ms
  2026-04-16 09:03:55 /api/exams ................................... ~ 1.02ms
  2026-04-16 09:03:55 /api/exams ................................... ~ 0.06ms
  2026-04-16 09:03:55 /api/exams ................................... ~ 0.06ms
  2026-04-16 09:03:56 /api/question-banks .......................... ~ 0.10ms
  2026-04-16 09:03:56 /api/question-banks .......................... ~ 0.04ms
  2026-04-16 09:03:56 /api/question-banks .......................... ~ 0.03ms
  2026-04-16 09:03:56 /api/question-banks .......................... ~ 0.03ms
  2026-04-16 09:03:58 /api/exams ................................... ~ 0.11ms
  2026-04-16 09:03:58 /api/exams ................................... ~ 0.42ms
  2026-04-16 09:03:58 /api/exams ................................... ~ 0.02ms
  2026-04-16 09:03:58 /api/exams ................................... ~ 0.02ms
  2026-04-16 09:04:01 /api/exams/1/participants .................... ~ 0.42ms
  2026-04-16 09:04:01 /api/groups .................................. ~ 1.32ms
  2026-04-16 09:04:01 /api/exams/1/participants .................... ~ 2.36ms
  2026-04-16 09:04:01 /api/groups .................................. ~ 1.95ms
  2026-04-16 09:04:01 /api/exams/1/participants .................... ~ 1.16ms
  2026-04-16 09:04:01 /api/groups .................................. ~ 0.81ms
  2026-04-16 09:04:01 /api/exams/1/participants .................... ~ 0.10ms
  2026-04-16 09:04:01 /api/groups .................................. ~ 0.04ms
  2026-04-16 09:04:20 /api/exams/1/analytics/summary ............... ~ 0.18ms
  2026-04-16 09:04:20 /api/exams/1/analytics/item-analysis ......... ~ 0.43ms
  2026-04-16 09:04:20 /api/exams/1/reports/ranking ................. ~ 0.59ms
  2026-04-16 09:04:20 /api/exams/1/analytics/summary ............... ~ 0.43ms
  2026-04-16 09:04:20 /api/exams/1/analytics/item-analysis ......... ~ 0.24ms
  2026-04-16 09:04:20 /api/exams/1/reports/ranking ................. ~ 0.19ms
  2026-04-16 09:04:20 /api/exams/1/analytics/summary ............... ~ 0.25ms
  2026-04-16 09:04:20 /api/exams/1/analytics/item-analysis ......... ~ 0.23ms
  2026-04-16 09:04:20 /api/exams/1/reports/ranking ................. ~ 0.19ms
  2026-04-16 09:04:21 /api/exams/1/analytics/summary ............... ~ 0.25ms
  2026-04-16 09:04:21 /api/exams/1/analytics/item-analysis ......... ~ 0.23ms
  2026-04-16 09:04:21 /api/exams/1/reports/ranking ................. ~ 0.18ms
  2026-04-16 09:04:40 /api/exams ................................... ~ 0.17ms
  2026-04-16 09:04:40 /api/exams/1/tokens .......................... ~ 0.58ms
  2026-04-16 09:04:40 /api/exams ................................... ~ 0.90ms
  2026-04-16 09:04:40 /api/exams/1/tokens .......................... ~ 1.24ms
  2026-04-16 09:04:40 /api/exams ................................... ~ 0.04ms
  2026-04-16 09:04:40 /api/exams/1/tokens .......................... ~ 0.38ms
  2026-04-16 09:04:40 /api/exams ................................... ~ 0.03ms
  2026-04-16 09:04:40 /api/exams/1/tokens .......................... ~ 0.03ms
  2026-04-16 09:05:32 /api/exams/1/token ........................... ~ 0.44ms
  2026-04-16 09:05:32 /api/exams/1/token ........................... ~ 0.07ms
  2026-04-16 09:05:32 /api/exams/1/tokens .......................... ~ 0.06ms
  2026-04-16 09:05:32 /api/exams/1/tokens .......................... ~ 0.05ms
  2026-04-16 09:05:44 /api/exams/1/tokens/2 ........................ ~ 0.37ms
  2026-04-16 09:05:44 /api/exams/1/tokens/2 ........................ ~ 0.11ms
  2026-04-16 09:05:49 /api/exams ................................... ~ 0.39ms
  2026-04-16 09:05:49 /api/exams/1/tokens .......................... ~ 0.13ms
  2026-04-16 09:05:49 /api/exams ................................... ~ 0.98ms
  2026-04-16 09:05:49 /api/exams/1/tokens .......................... ~ 1.07ms
  2026-04-16 09:05:49 /api/exams ................................... ~ 0.56ms
  2026-04-16 09:05:49 /api/exams/1/tokens .......................... ~ 0.65ms
  2026-04-16 09:05:49 /api/exams ................................... ~ 0.06ms
  2026-04-16 09:05:49 /api/exams/1/tokens .......................... ~ 0.06ms
  2026-04-16 09:05:50 /api/exams ................................... ~ 0.37ms
  2026-04-16 09:05:50 /api/exams/1/tokens .......................... ~ 1.09ms
  2026-04-16 09:05:50 /api/exams ................................... ~ 1.58ms
  2026-04-16 09:05:50 /api/exams/1/tokens .......................... ~ 2.19ms
  2026-04-16 09:05:50 /api/exams ................................... ~ 0.07ms
  2026-04-16 09:05:50 /api/exams/1/tokens .......................... ~ 0.57ms
  2026-04-16 09:05:50 /api/exams ................................... ~ 0.05ms
  2026-04-16 09:05:50 /api/exams/1/tokens .......................... ~ 0.05ms
  2026-04-16 09:05:55 /api/exams/1/tokens/2 ........................ ~ 0.17ms
  2026-04-16 09:05:55 /api/exams/1/tokens/2 ........................ ~ 0.05ms
  2026-04-16 09:06:16 /api/exams/1/analytics/summary ............... ~ 0.08ms
  2026-04-16 09:06:16 /api/exams/1/analytics/item-analysis ......... ~ 0.20ms
  2026-04-16 09:06:16 /api/exams/1/reports/ranking ................. ~ 0.27ms
  2026-04-16 09:06:16 /api/exams/1/analytics/summary ............... ~ 0.36ms
  2026-04-16 09:06:16 /api/exams/1/analytics/item-analysis ......... ~ 0.28ms
  2026-04-16 09:06:16 /api/exams/1/reports/ranking ................. ~ 0.08ms
  2026-04-16 09:06:16 /api/exams/1/analytics/summary ............... ~ 0.11ms
  2026-04-16 09:06:16 /api/exams/1/analytics/item-analysis ......... ~ 0.10ms
  2026-04-16 09:06:16 /api/exams/1/reports/ranking ................. ~ 0.08ms
  2026-04-16 09:06:16 /api/exams/1/analytics/summary ............... ~ 0.11ms
  2026-04-16 09:06:16 /api/exams/1/analytics/item-analysis ......... ~ 0.11ms
  2026-04-16 09:06:16 /api/exams/1/reports/ranking ................. ~ 0.08ms
  2026-04-16 09:06:30 /api/auth/me ................................. ~ 0.18ms
  2026-04-16 09:06:30 /api/auth/me ................................. ~ 0.65ms
  2026-04-16 09:06:30 /api/auth/me ................................. ~ 0.04ms
  2026-04-16 09:06:30 /api/auth/me ................................. ~ 0.04ms
  2026-04-16 09:07:00 /api/exams/1/analytics/summary ............... ~ 0.15ms
  2026-04-16 09:07:00 /api/exams/1/analytics/item-analysis ......... ~ 0.41ms
  2026-04-16 09:07:00 /api/exams/1/reports/ranking ................. ~ 0.57ms
  2026-04-16 09:07:00 /api/exams/1/analytics/summary ............... ~ 0.44ms
  2026-04-16 09:07:00 /api/exams/1/analytics/item-analysis ......... ~ 0.24ms
  2026-04-16 09:07:00 /api/exams/1/reports/ranking ................. ~ 0.19ms
  2026-04-16 09:07:00 /api/exams/1/analytics/summary ............... ~ 0.25ms
  2026-04-16 09:07:00 /api/exams/1/analytics/item-analysis ......... ~ 0.25ms
  2026-04-16 09:07:00 /api/exams/1/reports/ranking ................. ~ 0.19ms
  2026-04-16 09:07:00 /api/exams/1/analytics/summary ............... ~ 0.24ms
  2026-04-16 09:07:01 /api/exams/1/analytics/item-analysis ......... ~ 0.23ms
  2026-04-16 09:07:01 /api/exams/1/reports/ranking ................. ~ 0.17ms
  2026-04-16 09:07:01 /api/exams ................................... ~ 0.22ms
  2026-04-16 09:07:01 /api/exams/1/tokens .......................... ~ 0.82ms
  2026-04-16 09:07:01 /api/exams ................................... ~ 1.25ms
  2026-04-16 09:07:01 /api/exams/1/tokens .......................... ~ 1.77ms
  2026-04-16 09:07:01 /api/exams ................................... ~ 0.04ms
  2026-04-16 09:07:01 /api/exams/1/tokens .......................... ~ 0.46ms
  2026-04-16 09:07:02 /api/exams ................................... ~ 0.03ms
  2026-04-16 09:07:02 /api/exams/1/tokens .......................... ~ 0.03ms
  2026-04-16 09:07:14 /api/exams/1/tokens/2 ........................ ~ 0.13ms
  2026-04-16 09:07:14 /api/exams/1/tokens/2 ...................... ~ 505.66ms
  2026-04-16 09:07:22 /api/exams/1/analytics/summary ............... ~ 0.06ms
  2026-04-16 09:07:22 /api/exams/1/analytics/item-analysis ......... ~ 0.18ms
  2026-04-16 09:07:22 /api/exams/1/reports/ranking ................. ~ 0.25ms
  2026-04-16 09:07:22 /api/exams/1/analytics/summary ............... ~ 0.19ms
  2026-04-16 09:07:22 /api/exams/1/analytics/item-analysis ......... ~ 0.11ms
  2026-04-16 09:07:22 /api/exams/1/reports/ranking ................. ~ 0.08ms
  2026-04-16 09:07:22 /api/exams/1/analytics/summary ............... ~ 0.11ms
  2026-04-16 09:07:22 /api/exams/1/analytics/item-analysis ......... ~ 0.11ms
  2026-04-16 09:07:22 /api/exams/1/reports/ranking ................. ~ 0.09ms
  2026-04-16 09:07:22 /api/exams/1/analytics/summary ............... ~ 0.18ms
  2026-04-16 09:07:22 /api/exams/1/analytics/item-analysis ......... ~ 0.13ms
  2026-04-16 09:07:22 /api/exams/1/reports/ranking ............... ~ 505.77ms
  2026-04-16 09:09:00 /api/auth/me ................................. ~ 0.12ms
  2026-04-16 09:09:00 /api/auth/me ................................. ~ 0.42ms
  2026-04-16 09:09:01 /api/auth/me ................................. ~ 0.02ms
  2026-04-16 09:09:01 /api/auth/me ................................. ~ 0.02ms
  2026-04-16 09:09:47 /api/groups .................................. ~ 0.35ms
  2026-04-16 09:09:47 /api/groups .................................. ~ 1.10ms
  2026-04-16 09:09:47 /api/groups .................................. ~ 0.06ms
  2026-04-16 09:09:47 /api/groups .................................. ~ 0.06ms
  2026-04-16 09:09:50 /api/auth/me ................................. ~ 0.10ms
  2026-04-16 09:09:50 /api/auth/me ................................. ~ 0.37ms
  2026-04-16 09:09:50 /api/auth/me ................................. ~ 0.03ms
  2026-04-16 09:09:50 /api/auth/me ................................. ~ 0.02ms
  2026-04-16 09:09:50 /api/users ................................... ~ 0.10ms
  2026-04-16 09:09:50 /api/users ................................... ~ 0.44ms
  2026-04-16 09:09:50 /api/users ................................... ~ 0.03ms
  2026-04-16 09:09:50 /api/users ................................. ~ 505.31ms
  2026-04-16 09:09:51 /api/question-banks .......................... ~ 0.16ms
  2026-04-16 09:09:51 /api/question-banks .......................... ~ 0.56ms
  2026-04-16 09:09:51 /api/question-banks .......................... ~ 0.04ms
  2026-04-16 09:09:51 /api/question-banks .......................... ~ 0.04ms
  2026-04-16 09:09:52 /api/exams ................................... ~ 0.31ms
  2026-04-16 09:09:52 /api/exams ................................... ~ 0.99ms
  2026-04-16 09:09:52 /api/exams ................................... ~ 0.05ms
  2026-04-16 09:09:52 /api/exams ................................... ~ 0.05ms
  2026-04-16 09:09:53 /api/groups ................................ ~ 500.44ms
  2026-04-16 09:09:53 /api/groups ................................ ~ 500.88ms
  2026-04-16 09:09:53 /api/groups .................................. ~ 0.37ms
  2026-04-16 09:09:53 /api/groups .................................. ~ 0.02ms
  2026-04-16 09:09:54 /api/grading/pending-essays .................. ~ 0.07ms
  2026-04-16 09:09:54 /api/grading/pending-essays .................. ~ 0.22ms
  2026-04-16 09:09:54 /api/grading/pending-essays .................. ~ 0.02ms
  2026-04-16 09:09:54 /api/grading/pending-essays .................. ~ 0.02ms
  2026-04-16 09:09:55 /api/exams ................................... ~ 0.33ms
  2026-04-16 09:09:55 /api/exams/1/tokens .......................... ~ 1.25ms
  2026-04-16 09:09:55 /api/exams ................................... ~ 1.62ms
  2026-04-16 09:09:55 /api/exams/1/tokens .......................... ~ 2.68ms
  2026-04-16 09:09:55 /api/exams ................................... ~ 0.07ms
  2026-04-16 09:09:55 /api/exams/1/tokens .......................... ~ 0.55ms
  2026-04-16 09:09:55 /api/exams ................................... ~ 0.05ms
  2026-04-16 09:09:55 /api/exams/1/tokens .......................... ~ 0.05ms
  2026-04-16 09:09:55 /api/exams/1/analytics/summary ............... ~ 0.08ms
  2026-04-16 09:09:55 /api/exams/1/analytics/item-analysis ......... ~ 0.21ms
  2026-04-16 09:09:55 /api/exams/1/reports/ranking ................. ~ 0.29ms
  2026-04-16 09:09:55 /api/exams/1/analytics/summary ............... ~ 0.40ms
  2026-04-16 09:09:55 /api/exams/1/analytics/item-analysis ......... ~ 0.32ms
  2026-04-16 09:09:55 /api/exams/1/reports/ranking ................. ~ 0.10ms
  2026-04-16 09:09:55 /api/exams/1/analytics/summary ............... ~ 0.13ms
  2026-04-16 09:09:55 /api/exams/1/analytics/item-analysis ....... ~ 506.02ms
  2026-04-16 09:09:56 /api/exams/1/reports/ranking ............... ~ 506.54ms
  2026-04-16 09:09:56 /api/exams/1/analytics/summary ............... ~ 0.82ms
  2026-04-16 09:09:56 /api/exams/1/analytics/item-analysis ......... ~ 0.74ms
  2026-04-16 09:09:56 /api/exams/1/reports/ranking ................. ~ 0.55ms
  2026-04-16 09:10:09 /api/auth/me ................................. ~ 0.44ms
  2026-04-16 09:10:09 /api/auth/me ................................. ~ 1.56ms
  2026-04-16 09:10:09 /api/auth/me ................................. ~ 0.11ms
  2026-04-16 09:10:09 /api/auth/me ................................. ~ 0.10ms
  2026-04-16 09:10:11 /api/auth/me ................................. ~ 0.23ms
  2026-04-16 09:10:11 /api/auth/me ................................. ~ 0.85ms
  2026-04-16 09:10:11 /api/auth/me ................................. ~ 0.06ms
  2026-04-16 09:10:11 /api/auth/me ................................. ~ 0.05ms
  2026-04-16 09:10:12 /api/auth/me ................................. ~ 0.04ms
  2026-04-16 09:10:12 /api/auth/me ................................. ~ 0.05ms
  2026-04-16 09:10:12 /api/auth/me ................................. ~ 0.05ms
  2026-04-16 09:10:12 /api/auth/me ................................. ~ 0.06ms
  2026-04-16 09:10:12 /api/auth/me ................................. ~ 0.17ms
  2026-04-16 09:10:12 /api/auth/me ................................. ~ 0.68ms
  2026-04-16 09:10:12 /api/auth/me ................................. ~ 0.05ms
  2026-04-16 09:10:12 /api/auth/me ................................. ~ 0.05ms
  2026-04-16 09:10:12 /api/auth/me ................................. ~ 0.07ms
  2026-04-16 09:10:12 /api/auth/me ................................. ~ 0.63ms
  2026-04-16 09:10:12 /api/auth/me ................................. ~ 0.06ms
  2026-04-16 09:10:12 /api/auth/me ................................. ~ 0.04ms
  2026-04-16 09:10:12 /api/auth/me ................................. ~ 0.06ms
  2026-04-16 09:10:12 /api/auth/me ................................. ~ 0.52ms
  2026-04-16 09:10:12 /api/auth/me ................................. ~ 0.05ms
  2026-04-16 09:10:12 /api/auth/me ................................. ~ 0.08ms
  2026-04-16 09:10:12 /api/auth/me ................................. ~ 0.39ms
  2026-04-16 09:10:12 /api/auth/me ................................. ~ 1.55ms
  2026-04-16 09:10:12 /api/auth/me ................................. ~ 0.10ms
  2026-04-16 09:10:12 /api/auth/me ................................. ~ 0.10ms
  2026-04-16 09:10:13 /api/auth/me ................................. ~ 0.41ms
  2026-04-16 09:10:13 /api/auth/me ................................. ~ 1.48ms
  2026-04-16 09:10:13 /api/auth/me ................................. ~ 0.07ms
  2026-04-16 09:10:13 /api/auth/me ................................. ~ 0.08ms
  2026-04-16 09:10:14 /api/exams/1/analytics/summary ............... ~ 0.10ms
  2026-04-16 09:10:14 /api/exams/1/analytics/item-analysis ......... ~ 0.31ms
  2026-04-16 09:10:14 /api/exams/1/reports/ranking ................. ~ 0.17ms
  2026-04-16 09:10:14 /api/exams/1/analytics/summary ............... ~ 0.21ms
  2026-04-16 09:10:15 /api/exams/1/analytics/item-analysis ......... ~ 0.19ms
  2026-04-16 09:10:15 /api/exams/1/reports/ranking ................. ~ 0.15ms
  2026-04-16 09:10:15 /api/exams/1/analytics/summary ............... ~ 0.21ms
  2026-04-16 09:10:15 /api/exams/1/analytics/item-analysis ......... ~ 0.19ms
  2026-04-16 09:10:15 /api/exams/1/reports/ranking ................. ~ 0.15ms
  2026-04-16 09:10:15 /api/exams/1/analytics/summary ............... ~ 0.21ms
  2026-04-16 09:10:15 /api/exams/1/analytics/item-analysis ......... ~ 0.19ms
  2026-04-16 09:10:15 /api/exams/1/reports/ranking ................. ~ 0.15ms
  2026-04-16 09:10:20 /api/auth/logout ............................. ~ 0.17ms
  2026-04-16 09:10:20 /api/auth/logout ............................. ~ 0.05ms
  2026-04-16 09:12:11 /api/auth/login .............................. ~ 0.10ms
  2026-04-16 09:12:11 /api/auth/login .............................. ~ 0.02ms
  2026-04-16 09:12:12 /api/auth/me ............................... ~ 504.39ms
  2026-04-16 09:12:12 /api/auth/me ............................... ~ 504.94ms
  2026-04-16 09:12:12 /api/auth/me ................................. ~ 0.05ms
  2026-04-16 09:12:12 /api/auth/me ................................. ~ 0.05ms
  2026-04-16 09:12:17 /api/exams/1/analytics/summary ............... ~ 0.18ms
  2026-04-16 09:12:17 /api/exams/1/analytics/item-analysis ......... ~ 0.48ms
  2026-04-16 09:12:17 /api/exams/1/reports/ranking ................. ~ 0.66ms
  2026-04-16 09:12:17 /api/exams/1/analytics/summary ............... ~ 0.92ms
  2026-04-16 09:12:17 /api/exams/1/analytics/item-analysis ......... ~ 0.76ms
  2026-04-16 09:12:17 /api/exams/1/reports/ranking ................. ~ 0.23ms
  2026-04-16 09:12:17 /api/exams/1/analytics/summary ............... ~ 0.30ms
  2026-04-16 09:12:17 /api/exams/1/analytics/item-analysis ......... ~ 0.28ms
  2026-04-16 09:12:17 /api/exams/1/reports/ranking ................. ~ 0.22ms
  2026-04-16 09:12:17 /api/exams/1/analytics/summary ............... ~ 0.30ms
  2026-04-16 09:12:17 /api/exams/1/analytics/item-analysis ......... ~ 0.28ms
  2026-04-16 09:12:17 /api/exams/1/reports/ranking ................. ~ 0.21ms
  2026-04-16 09:12:19 /api/exams ................................... ~ 0.11ms
  2026-04-16 09:12:19 /api/exams ................................... ~ 0.51ms
  2026-04-16 09:12:19 /api/exams ................................... ~ 0.03ms
  2026-04-16 09:12:19 /api/exams ................................... ~ 0.03ms
  2026-04-16 09:12:19 /api/exams ................................... ~ 0.03ms
  2026-04-16 09:12:19 /api/exams ................................. ~ 505.33ms
  2026-04-16 09:12:35 /api/auth/me ................................. ~ 0.43ms
  2026-04-16 09:12:35 /api/auth/me ................................. ~ 1.57ms
  2026-04-16 09:12:35 /api/auth/me ................................. ~ 0.08ms
  2026-04-16 09:12:35 /api/auth/me ................................. ~ 0.07ms
  2026-04-16 09:12:37 /api/exams/1/analytics/summary ............... ~ 0.12ms
  2026-04-16 09:12:37 /api/exams/1/analytics/item-analysis ......... ~ 0.03ms
  2026-04-16 09:12:37 /api/exams/1/reports/ranking ................. ~ 0.14ms
  2026-04-16 09:12:37 /api/exams/1/analytics/summary ............... ~ 0.17ms
  2026-04-16 09:12:37 /api/exams/1/analytics/item-analysis ......... ~ 0.19ms
  2026-04-16 09:12:37 /api/exams/1/reports/ranking ................. ~ 0.12ms
  2026-04-16 09:12:37 /api/exams/1/analytics/summary ............... ~ 0.16ms
  2026-04-16 09:12:37 /api/exams/1/analytics/item-analysis ......... ~ 0.15ms
  2026-04-16 09:12:37 /api/exams/1/reports/ranking ................. ~ 0.12ms
  2026-04-16 09:12:37 /api/exams/1/analytics/summary ............... ~ 0.16ms
  2026-04-16 09:12:37 /api/exams/1/analytics/item-analysis ......... ~ 0.15ms
  2026-04-16 09:12:37 /api/exams/1/reports/ranking ................. ~ 0.11ms
  2026-04-16 09:12:40 /api/auth/me ................................. ~ 0.36ms
  2026-04-16 09:12:40 /api/auth/me ................................. ~ 1.52ms
  2026-04-16 09:12:40 /api/auth/me ................................. ~ 0.11ms
  2026-04-16 09:12:40 /api/auth/me ................................. ~ 0.07ms
  2026-04-16 09:13:15 /api/auth/me ................................. ~ 0.15ms
  2026-04-16 09:13:15 /api/auth/me ................................. ~ 0.63ms
  2026-04-16 09:13:15 /api/auth/me ................................. ~ 0.04ms
  2026-04-16 09:13:15 /api/auth/me ................................. ~ 0.03ms
  2026-04-16 09:13:17 /api/exams ................................... ~ 0.09ms
  2026-04-16 09:13:17 /api/exams ................................... ~ 0.36ms
  2026-04-16 09:13:17 /api/exams ................................... ~ 0.02ms
  2026-04-16 09:13:17 /api/exams ................................... ~ 0.02ms
  2026-04-16 09:13:20 /api/exams ................................... ~ 0.13ms
  2026-04-16 09:13:20 /api/exams ................................... ~ 0.52ms
  2026-04-16 09:13:20 /api/exams ................................. ~ 505.19ms
  2026-04-16 09:13:20 /api/exams ................................... ~ 0.03ms
  2026-04-16 09:13:20 /api/exams ................................... ~ 0.02ms
  2026-04-16 09:13:20 /api/exams ................................... ~ 0.02ms
  2026-04-16 09:13:25 /api/exams/1/analytics/summary ............... ~ 0.07ms
  2026-04-16 09:13:25 /api/exams/1/analytics/item-analysis ......... ~ 0.20ms
  2026-04-16 09:13:25 /api/exams/1/reports/ranking ................. ~ 0.27ms
  2026-04-16 09:13:25 /api/exams/1/analytics/summary ............... ~ 0.39ms
  2026-04-16 09:13:25 /api/exams/1/analytics/item-analysis ......... ~ 0.33ms
  2026-04-16 09:13:25 /api/exams/1/reports/ranking ................. ~ 0.10ms
  2026-04-16 09:13:25 /api/exams/1/analytics/summary ............... ~ 0.14ms
  2026-04-16 09:13:25 /api/exams/1/analytics/item-analysis ......... ~ 0.13ms
  2026-04-16 09:13:25 /api/exams/1/reports/ranking ................. ~ 0.10ms
  2026-04-16 09:13:25 /api/exams/1/analytics/summary ............... ~ 0.14ms
  2026-04-16 09:13:25 /api/exams/1/analytics/item-analysis ......... ~ 0.13ms
  2026-04-16 09:13:25 /api/exams/1/reports/ranking ............... ~ 503.35ms
  2026-04-16 09:13:31 /api/exams ................................... ~ 0.08ms
  2026-04-16 09:13:31 /api/exams ................................... ~ 0.32ms
  2026-04-16 09:13:31 /api/exams ................................... ~ 0.02ms
  2026-04-16 09:13:31 /api/exams ................................... ~ 0.02ms
  2026-04-16 09:13:31 /api/exams ................................... ~ 0.02ms
  2026-04-16 09:13:31 /api/exams ................................... ~ 0.02ms
  2026-04-16 09:13:41 /api/auth/me ................................. ~ 0.15ms
  2026-04-16 09:13:41 /api/auth/me ................................. ~ 0.67ms
  2026-04-16 09:13:41 /api/auth/me ................................. ~ 0.05ms
  2026-04-16 09:13:41 /api/auth/me ................................. ~ 0.02ms
  2026-04-16 09:13:42 /api/exams ................................... ~ 0.22ms
  2026-04-16 09:13:42 /api/exams ................................... ~ 0.82ms
  2026-04-16 09:13:43 /api/exams ................................... ~ 0.05ms
  2026-04-16 09:13:43 /api/exams ................................... ~ 0.05ms
  2026-04-16 09:13:43 /api/exams ................................... ~ 0.04ms
  2026-04-16 09:13:43 /api/exams ................................... ~ 0.04ms
  2026-04-16 09:13:53 /api/auth/me ................................. ~ 0.20ms
  2026-04-16 09:13:53 /api/auth/me ................................. ~ 0.72ms
  2026-04-16 09:13:54 /api/auth/me ................................. ~ 0.05ms
  2026-04-16 09:13:54 /api/auth/me ................................. ~ 0.04ms
  2026-04-16 09:24:06 /api/auth/me ............................... ~ 512.17ms
  2026-04-16 09:24:06 /api/auth/me ............................... ~ 513.17ms
  2026-04-16 09:24:06 /api/auth/me ................................. ~ 0.08ms
  2026-04-16 09:24:06 /api/auth/me ................................. ~ 0.06ms
  2026-04-16 09:25:14 /api/question-banks .......................... ~ 3.45ms
  2026-04-16 09:25:14 /api/question-banks .......................... ~ 4.32ms
  2026-04-16 09:25:14 /api/question-banks .......................... ~ 0.06ms
  2026-04-16 09:25:14 /api/question-banks .......................... ~ 0.06ms
  2026-04-16 09:25:24 /api/question-banks/1 ........................ ~ 0.12ms
  2026-04-16 09:25:24 /api/question-banks/1/questions .............. ~ 0.35ms
  2026-04-16 09:25:24 /api/question-banks/1 ........................ ~ 0.49ms
  2026-04-16 09:25:24 /api/question-banks/1/questions .............. ~ 0.71ms
  2026-04-16 09:25:24 /api/question-banks/1 ........................ ~ 0.03ms
  2026-04-16 09:25:24 /api/question-banks/1/questions .............. ~ 0.23ms
  2026-04-16 09:25:24 /api/question-banks/1 ........................ ~ 0.02ms
  2026-04-16 09:25:24 /api/question-banks/1/questions .............. ~ 0.02ms
  2026-04-16 09:25:35 /api/question-banks .......................... ~ 0.21ms
  2026-04-16 09:25:35 /api/question-banks .......................... ~ 0.99ms
  2026-04-16 09:25:35 /api/question-banks .......................... ~ 0.06ms
  2026-04-16 09:25:35 /api/question-banks .......................... ~ 0.06ms
  2026-04-16 09:25:43 /api/exams ................................... ~ 0.28ms
  2026-04-16 09:25:43 /api/exams ................................... ~ 1.61ms
  2026-04-16 09:25:43 /api/exams ................................... ~ 0.11ms
  2026-04-16 09:25:43 /api/exams ................................... ~ 0.11ms
  2026-04-16 09:25:47 /api/exams/1/analytics/summary ............... ~ 0.07ms
  2026-04-16 09:25:47 /api/exams/1/analytics/item-analysis ......... ~ 0.21ms
  2026-04-16 09:25:47 /api/exams/1/reports/ranking ................. ~ 0.29ms
  2026-04-16 09:25:47 /api/exams/1/analytics/summary ............... ~ 0.23ms
  2026-04-16 09:25:47 /api/exams/1/analytics/item-analysis ......... ~ 0.13ms
  2026-04-16 09:25:47 /api/exams/1/reports/ranking ................. ~ 0.10ms
  2026-04-16 09:25:47 /api/exams/1/analytics/summary ............... ~ 0.13ms
  2026-04-16 09:25:47 /api/exams/1/analytics/item-analysis ......... ~ 0.13ms
  2026-04-16 09:25:47 /api/exams/1/reports/ranking ................. ~ 0.10ms
  2026-04-16 09:25:47 /api/exams/1/analytics/summary ............. ~ 505.84ms
  2026-04-16 09:25:47 /api/exams/1/analytics/item-analysis ....... ~ 506.49ms
  2026-04-16 09:25:47 /api/exams/1/reports/ranking ................. ~ 0.54ms
  2026-04-16 09:26:16 /api/exams ................................... ~ 0.48ms
  2026-04-16 09:26:16 /api/exams ................................... ~ 1.84ms
  2026-04-16 09:26:16 /api/exams ................................... ~ 0.11ms
  2026-04-16 09:26:16 /api/exams ................................... ~ 0.10ms
  2026-04-16 09:26:16 /api/exams ................................... ~ 0.10ms
  2026-04-16 09:26:16 /api/exams ................................... ~ 0.10ms
  2026-04-16 09:26:21 /api/exams/1/analytics/summary ............... ~ 0.10ms
  2026-04-16 09:26:21 /api/exams/1/analytics/item-analysis ......... ~ 0.29ms
  2026-04-16 09:26:21 /api/exams/1/reports/ranking ................. ~ 0.41ms
  2026-04-16 09:26:21 /api/exams/1/analytics/summary ............... ~ 0.32ms
  2026-04-16 09:26:21 /api/exams/1/analytics/item-analysis ......... ~ 0.18ms
  2026-04-16 09:26:21 /api/exams/1/reports/ranking ................. ~ 0.16ms
  2026-04-16 09:26:21 /api/exams/1/analytics/summary ............... ~ 0.19ms
  2026-04-16 09:26:21 /api/exams/1/analytics/item-analysis ......... ~ 0.18ms
  2026-04-16 09:26:21 /api/exams/1/reports/ranking ................. ~ 0.13ms
  2026-04-16 09:26:21 /api/exams/1/analytics/summary ............... ~ 0.18ms
  2026-04-16 09:26:21 /api/exams/1/analytics/item-analysis ......... ~ 0.17ms
  2026-04-16 09:26:21 /api/exams/1/reports/ranking ................. ~ 0.12ms
  2026-04-16 09:26:23 /api/exams ................................... ~ 0.33ms
  2026-04-16 09:26:23 /api/exams ................................... ~ 0.07ms
  2026-04-16 09:26:23 /api/exams ................................... ~ 0.07ms
  2026-04-16 09:26:23 /api/exams ................................... ~ 0.07ms
  2026-04-16 09:26:23 /api/exams ................................... ~ 0.13ms
  2026-04-16 09:26:23 /api/exams ................................... ~ 0.03ms
  2026-04-16 09:26:25 /api/exams/1/analytics/summary ............... ~ 0.40ms
  2026-04-16 09:26:25 /api/exams/1/analytics/item-analysis ......... ~ 1.11ms
  2026-04-16 09:26:25 /api/exams/1/reports/ranking ................. ~ 1.56ms
  2026-04-16 09:26:25 /api/exams/1/analytics/summary ............... ~ 2.23ms
  2026-04-16 09:26:25 /api/exams/1/analytics/item-analysis ......... ~ 1.91ms
  2026-04-16 09:26:25 /api/exams/1/reports/ranking ................. ~ 0.58ms
  2026-04-16 09:26:25 /api/exams/1/analytics/summary ............... ~ 0.75ms
  2026-04-16 09:26:25 /api/exams/1/analytics/item-analysis ......... ~ 0.71ms
  2026-04-16 09:26:25 /api/exams/1/reports/ranking ................. ~ 0.58ms
  2026-04-16 09:26:25 /api/exams/1/analytics/summary ............... ~ 0.75ms
  2026-04-16 09:26:25 /api/exams/1/analytics/item-analysis ......... ~ 0.72ms
  2026-04-16 09:26:25 /api/exams/1/reports/ranking ................. ~ 0.57ms
  2026-04-16 09:26:26 /api/exams ................................... ~ 0.30ms
  2026-04-16 09:26:26 /api/exams ................................... ~ 1.02ms
  2026-04-16 09:26:27 /api/exams ................................... ~ 0.06ms
  2026-04-16 09:26:27 /api/exams ................................... ~ 0.10ms
  2026-04-16 09:26:27 /api/exams ................................... ~ 0.05ms
  2026-04-16 09:26:27 /api/exams ................................... ~ 0.12ms
  2026-04-16 09:27:06 /api/exams ................................. ~ 505.24ms
  2026-04-16 09:28:09 /api/exams ................................... ~ 0.31ms
  2026-04-16 09:28:09 /api/exams ................................... ~ 1.16ms
  2026-04-16 09:28:09 /api/exams ................................... ~ 0.06ms
  2026-04-16 09:28:09 /api/exams ................................... ~ 0.06ms
  2026-04-16 09:28:09 /api/exams ................................... ~ 0.06ms
  2026-04-16 09:28:09 /api/exams ................................... ~ 0.06ms
  2026-04-16 09:28:09 /api/exams ................................... ~ 0.23ms
  2026-04-16 09:28:09 /api/exams ................................... ~ 0.80ms
  2026-04-16 09:28:09 /api/exams ................................... ~ 0.05ms
  2026-04-16 09:28:09 /api/exams ................................... ~ 0.04ms
  2026-04-16 09:28:10 /api/exams ................................. ~ 505.84ms
  2026-04-16 09:28:10 /api/exams ................................... ~ 0.11ms
  2026-04-16 09:28:11 /api/exams/1/analytics/summary ............... ~ 0.11ms
  2026-04-16 09:28:11 /api/exams/1/analytics/item-analysis ......... ~ 0.28ms
  2026-04-16 09:28:11 /api/exams/1/reports/ranking ................. ~ 0.39ms
  2026-04-16 09:28:11 /api/exams/1/analytics/summary ............... ~ 0.53ms
  2026-04-16 09:28:11 /api/exams/1/analytics/item-analysis ......... ~ 0.41ms
  2026-04-16 09:28:11 /api/exams/1/reports/ranking ................. ~ 0.13ms
  2026-04-16 09:28:11 /api/exams/1/analytics/summary ............... ~ 0.16ms
  2026-04-16 09:28:11 /api/exams/1/analytics/item-analysis ......... ~ 0.16ms
  2026-04-16 09:28:11 /api/exams/1/reports/ranking ................. ~ 0.12ms
  2026-04-16 09:28:11 /api/exams/1/analytics/summary ............... ~ 0.17ms
  2026-04-16 09:28:11 /api/exams/1/analytics/item-analysis ......... ~ 0.15ms
  2026-04-16 09:28:11 /api/exams/1/reports/ranking ................. ~ 0.12ms
  2026-04-16 09:34:53 /api/exams/1 ................................. ~ 1.11ms
  2026-04-16 09:34:53 /api/exams/1/analytics/summary ............... ~ 1.55ms
  2026-04-16 09:34:53 /api/exams/1/analytics/item-analysis ......... ~ 1.76ms
  2026-04-16 09:34:53 /api/exams/1/questions ....................... ~ 0.43ms
  2026-04-16 09:34:53 /api/exams/1/reports/results ................. ~ 0.30ms
  2026-04-16 09:34:53 /api/exams/1 ................................. ~ 0.25ms
  2026-04-16 09:34:53 /api/exams/1/analytics/summary ............... ~ 0.38ms
  2026-04-16 09:34:53 /api/exams/1/analytics/item-analysis ......... ~ 0.23ms
  2026-04-16 09:34:53 /api/exams/1/questions ....................... ~ 0.19ms
  2026-04-16 09:34:53 /api/exams/1/reports/results ................. ~ 0.29ms
  2026-04-16 09:34:53 /api/exams/1/reports/results ................. ~ 0.03ms
  2026-04-16 09:34:53 /api/exams/1/reports/results ................. ~ 0.03ms
  2026-04-16 09:40:43 /api/exams/1 ................................. ~ 3.68ms
  2026-04-16 09:40:43 /api/exams/1/analytics/summary ............... ~ 4.59ms
  2026-04-16 09:40:43 /api/exams/1/analytics/item-analysis ......... ~ 5.03ms
  2026-04-16 09:40:43 /api/exams/1/questions ....................... ~ 5.38ms
  2026-04-16 09:40:43 /api/exams/1/reports/results ................. ~ 1.53ms
  2026-04-16 09:40:43 /api/exams/1 ................................. ~ 0.57ms
  2026-04-16 09:40:43 /api/exams/1/analytics/summary ............... ~ 0.83ms
  2026-04-16 09:40:43 /api/exams/1/analytics/item-analysis ......... ~ 0.54ms
  2026-04-16 09:40:43 /api/exams/1/questions ....................... ~ 0.44ms
  2026-04-16 09:40:44 /api/exams/1/reports/results ................. ~ 0.66ms
  2026-04-16 09:40:44 /api/exams/1 ................................. ~ 0.57ms
  2026-04-16 09:40:44 /api/exams/1/analytics/summary ............... ~ 0.82ms
  2026-04-16 09:40:44 /api/exams/1/analytics/item-analysis ......... ~ 0.54ms
  2026-04-16 09:40:44 /api/exams/1/questions ....................... ~ 0.44ms
  2026-04-16 09:40:44 /api/exams/1/reports/results ................. ~ 0.66ms
  2026-04-16 09:40:44 /api/exams/1 ................................. ~ 0.57ms
  2026-04-16 09:40:44 /api/exams/1/analytics/summary ............... ~ 0.82ms
  2026-04-16 09:40:44 /api/exams/1/analytics/item-analysis ......... ~ 0.71ms
  2026-04-16 09:40:44 /api/exams/1/questions ....................... ~ 0.27ms
  2026-04-16 09:40:44 /api/exams/1/reports/results ................. ~ 0.33ms
  2026-04-16 09:40:44 /api/exams/1/reports/results ................. ~ 0.25ms
  2026-04-16 09:40:44 /api/exams/1/reports/results ................. ~ 0.24ms
  2026-04-16 09:40:44 /api/exams/1/reports/results ................. ~ 0.03ms
  2026-04-16 09:40:44 /api/exams/1/reports/results ................. ~ 0.03ms
  2026-04-16 09:40:44 /api/exams/1 ................................. ~ 0.11ms
  2026-04-16 09:40:44 /api/exams/1/analytics/summary ............... ~ 0.41ms
  2026-04-16 09:40:44 /api/exams/1/analytics/item-analysis ......... ~ 0.21ms
  2026-04-16 09:40:44 /api/exams/1/questions ....................... ~ 0.15ms
  2026-04-16 09:40:44 /api/exams/1/reports/results ................. ~ 0.23ms
  2026-04-16 09:40:44 /api/exams/1 ................................. ~ 0.19ms
  2026-04-16 09:40:44 /api/exams/1/analytics/summary ............... ~ 0.29ms
  2026-04-16 09:40:44 /api/exams/1/analytics/item-analysis ......... ~ 0.17ms
  2026-04-16 09:40:44 /api/exams/1/questions ....................... ~ 0.14ms
  2026-04-16 09:40:44 /api/exams/1/reports/results ................. ~ 0.26ms
  2026-04-16 09:40:44 /api/exams/1 ................................. ~ 0.19ms
  2026-04-16 09:40:44 /api/exams/1/analytics/summary ............... ~ 0.26ms
  2026-04-16 09:40:44 /api/exams/1/analytics/item-analysis ......... ~ 0.15ms
  2026-04-16 09:40:44 /api/exams/1/questions ....................... ~ 0.17ms
  2026-04-16 09:40:44 /api/exams/1/reports/results ................. ~ 0.24ms
  2026-04-16 09:40:44 /api/exams/1 ................................. ~ 0.16ms
  2026-04-16 09:40:44 /api/exams/1/analytics/summary ............... ~ 0.24ms
  2026-04-16 09:40:44 /api/exams/1/analytics/item-analysis ......... ~ 0.15ms
  2026-04-16 09:40:44 /api/exams/1/questions ....................... ~ 0.12ms
  2026-04-16 09:40:44 /api/exams/1/reports/results ................. ~ 0.19ms
  2026-04-16 09:40:44 /api/exams/1/reports/results ................. ~ 0.16ms
  2026-04-16 09:40:44 /api/exams/1/reports/results ................. ~ 0.15ms
  2026-04-16 09:40:44 /api/exams/1/reports/results ................. ~ 0.02ms
  2026-04-16 09:40:44 /api/exams/1/reports/results ................. ~ 0.02ms
  2026-04-16 09:40:45 /api/exams/1 ................................. ~ 0.07ms
  2026-04-16 09:40:45 /api/exams/1/analytics/summary ............... ~ 0.28ms
  2026-04-16 09:40:45 /api/exams/1/analytics/item-analysis ......... ~ 0.13ms
  2026-04-16 09:40:45 /api/exams/1/questions ....................... ~ 0.10ms
  2026-04-16 09:40:45 /api/exams/1/reports/results ................. ~ 0.16ms
  2026-04-16 09:40:45 /api/exams/1 ................................. ~ 0.13ms
  2026-04-16 09:40:45 /api/exams/1/analytics/summary ............... ~ 0.20ms
  2026-04-16 09:40:45 /api/exams/1/analytics/item-analysis ......... ~ 0.12ms
  2026-04-16 09:40:45 /api/exams/1/questions ....................... ~ 0.10ms
  2026-04-16 09:40:45 /api/exams/1/reports/results ................. ~ 0.15ms
  2026-04-16 09:40:45 /api/exams/1 ................................. ~ 0.13ms
  2026-04-16 09:40:45 /api/exams/1/analytics/summary ............... ~ 0.20ms
  2026-04-16 09:40:45 /api/exams/1/analytics/item-analysis ......... ~ 0.12ms
  2026-04-16 09:40:45 /api/exams/1/questions ....................... ~ 0.10ms
  2026-04-16 09:40:45 /api/exams/1/reports/results ................. ~ 0.15ms
  2026-04-16 09:40:45 /api/exams/1 ................................. ~ 0.13ms
  2026-04-16 09:40:45 /api/exams/1/analytics/summary ............... ~ 0.20ms
  2026-04-16 09:40:45 /api/exams/1/analytics/item-analysis ......... ~ 0.12ms
  2026-04-16 09:40:45 /api/exams/1/questions ....................... ~ 0.09ms
  2026-04-16 09:40:45 /api/exams/1/reports/results ................. ~ 0.16ms
  2026-04-16 09:40:45 /api/exams/1/reports/results ................. ~ 0.13ms
  2026-04-16 09:40:45 /api/exams/1/reports/results ................. ~ 0.12ms
  2026-04-16 09:40:45 /api/exams/1/reports/results ................. ~ 0.01ms
  2026-04-16 09:40:45 /api/exams/1/reports/results ................. ~ 0.01ms
  2026-04-16 09:40:50 /api/exams/1/reports/results ................. ~ 0.38ms
  2026-04-16 09:40:50 /api/exams/1/reports/results ................. ~ 0.11ms
  2026-04-16 09:40:53 /api/exams/1 ................................. ~ 0.06ms
  2026-04-16 09:40:53 /api/exams/1/analytics/summary ............... ~ 0.03ms
  2026-04-16 09:40:53 /api/exams/1/analytics/item-analysis ......... ~ 0.15ms
  2026-04-16 09:40:53 /api/exams/1/questions ....................... ~ 0.11ms
  2026-04-16 09:40:53 /api/exams/1/reports/results ................. ~ 0.18ms
  2026-04-16 09:40:53 /api/exams/1 ................................. ~ 0.15ms
  2026-04-16 09:40:53 /api/exams/1/analytics/summary ............... ~ 0.22ms
  2026-04-16 09:40:53 /api/exams/1/analytics/item-analysis ......... ~ 0.14ms
  2026-04-16 09:40:53 /api/exams/1/questions ....................... ~ 0.11ms
  2026-04-16 09:40:53 /api/exams/1/reports/results ................. ~ 0.17ms
  2026-04-16 09:40:53 /api/exams/1 ................................. ~ 0.15ms
  2026-04-16 09:40:53 /api/exams/1/analytics/summary ............... ~ 0.22ms
  2026-04-16 09:40:53 /api/exams/1/analytics/item-analysis ......... ~ 0.14ms
  2026-04-16 09:40:53 /api/exams/1/questions ....................... ~ 0.11ms
  2026-04-16 09:40:53 /api/exams/1/reports/results ................. ~ 0.17ms
  2026-04-16 09:40:53 /api/exams/1 ................................. ~ 0.15ms
  2026-04-16 09:40:53 /api/exams/1/analytics/summary ............... ~ 0.24ms
  2026-04-16 09:40:53 /api/exams/1/analytics/item-analysis ......... ~ 0.13ms
  2026-04-16 09:40:53 /api/exams/1/questions ....................... ~ 0.10ms
  2026-04-16 09:40:53 /api/exams/1/reports/results ................. ~ 0.17ms
  2026-04-16 09:40:53 /api/exams/1/reports/results ................. ~ 0.14ms
  2026-04-16 09:40:53 /api/exams/1/reports/results ................. ~ 0.14ms
  2026-04-16 09:40:53 /api/exams/1/reports/results ................. ~ 0.02ms
  2026-04-16 09:40:53 /api/exams/1/reports/results ................. ~ 0.02ms
  2026-04-16 09:40:55 /api/exams/1/reports/results ................. ~ 0.26ms
  2026-04-16 09:40:55 /api/exams/1/reports/results ................. ~ 0.06ms
  2026-04-16 09:41:22 /api/exams/1 ............................... ~ 504.70ms
  2026-04-16 09:41:22 /api/exams/1/analytics/summary ............... ~ 0.04ms
  2026-04-16 09:41:22 /api/exams/1/analytics/item-analysis ......... ~ 0.18ms
  2026-04-16 09:41:22 /api/exams/1/questions ....................... ~ 0.13ms
  2026-04-16 09:41:22 /api/exams/1/reports/results ................. ~ 0.20ms
  2026-04-16 09:41:22 /api/exams/1 ................................. ~ 0.17ms
  2026-04-16 09:41:22 /api/exams/1/analytics/summary ............... ~ 0.25ms
  2026-04-16 09:41:22 /api/exams/1/analytics/item-analysis ......... ~ 0.16ms
  2026-04-16 09:41:22 /api/exams/1/questions ....................... ~ 0.12ms
  2026-04-16 09:41:22 /api/exams/1/reports/results ................. ~ 0.20ms
  2026-04-16 09:41:22 /api/exams/1 ................................. ~ 0.16ms
  2026-04-16 09:41:22 /api/exams/1/analytics/summary ............... ~ 0.25ms
  2026-04-16 09:41:22 /api/exams/1/analytics/item-analysis ......... ~ 0.15ms
  2026-04-16 09:41:22 /api/exams/1/questions ....................... ~ 0.14ms
  2026-04-16 09:41:22 /api/exams/1/reports/results ................. ~ 0.22ms
  2026-04-16 09:41:22 /api/exams/1 ................................. ~ 0.19ms
  2026-04-16 09:41:22 /api/exams/1/analytics/summary ............... ~ 0.29ms
  2026-04-16 09:41:23 /api/exams/1/analytics/item-analysis ......... ~ 0.17ms
  2026-04-16 09:41:23 /api/exams/1/questions ....................... ~ 0.14ms
  2026-04-16 09:41:23 /api/exams/1/reports/results ................. ~ 0.23ms
  2026-04-16 09:41:23 /api/exams/1/reports/results ................. ~ 0.19ms
  2026-04-16 09:41:23 /api/exams/1/reports/results ................. ~ 0.18ms
  2026-04-16 09:41:23 /api/exams/1/reports/results ................. ~ 0.02ms
  2026-04-16 09:41:23 /api/exams/1/reports/results ................. ~ 0.02ms
  2026-04-16 09:41:28 /api/exams/1/reports/results ................. ~ 0.08ms
  2026-04-16 09:41:28 /api/exams/1/reports/results ................. ~ 0.07ms
  2026-04-16 09:41:36 /api/exams/1 ................................. ~ 0.39ms
  2026-04-16 09:41:36 /api/exams/1/analytics/summary ............... ~ 0.56ms
  2026-04-16 09:41:36 /api/exams/1/analytics/item-analysis ......... ~ 0.11ms
  2026-04-16 09:41:36 /api/exams/1/questions ....................... ~ 0.08ms
  2026-04-16 09:41:36 /api/exams/1/reports/results ................. ~ 0.13ms
  2026-04-16 09:41:36 /api/exams/1 ................................. ~ 0.10ms
  2026-04-16 09:41:36 /api/exams/1/analytics/summary ............... ~ 0.16ms
  2026-04-16 09:41:36 /api/exams/1/analytics/item-analysis ......... ~ 0.10ms
  2026-04-16 09:41:36 /api/exams/1/questions ....................... ~ 0.08ms
  2026-04-16 09:41:36 /api/exams/1/reports/results ................. ~ 0.12ms
  2026-04-16 09:41:36 /api/exams/1 ................................. ~ 0.10ms
  2026-04-16 09:41:36 /api/exams/1/analytics/summary ............... ~ 0.16ms
  2026-04-16 09:41:36 /api/exams/1/analytics/item-analysis ......... ~ 0.10ms
  2026-04-16 09:41:36 /api/exams/1/questions ....................... ~ 0.08ms
  2026-04-16 09:41:36 /api/exams/1/reports/results ................. ~ 0.18ms
  2026-04-16 09:41:36 /api/exams/1 ................................. ~ 0.13ms
  2026-04-16 09:41:36 /api/exams/1/analytics/summary ............... ~ 0.18ms
  2026-04-16 09:41:36 /api/exams/1/analytics/item-analysis ......... ~ 0.16ms
  2026-04-16 09:41:36 /api/exams/1/questions ....................... ~ 0.10ms
  2026-04-16 09:41:36 /api/exams/1/reports/results ................. ~ 0.13ms
  2026-04-16 09:41:36 /api/exams/1/reports/results ................. ~ 0.11ms
  2026-04-16 09:41:36 /api/exams/1/reports/results ................. ~ 0.10ms
  2026-04-16 09:41:36 /api/exams/1/reports/results ................. ~ 0.01ms
  2026-04-16 09:41:36 /api/exams/1/reports/results ................. ~ 0.01ms
  2026-04-16 09:42:15 /api/exams/1 ................................. ~ 0.43ms
  2026-04-16 09:42:15 /api/exams/1/analytics/summary ............... ~ 0.02ms
  2026-04-16 09:42:15 /api/exams/1/analytics/item-analysis ......... ~ 0.11ms
  2026-04-16 09:42:15 /api/exams/1/questions ....................... ~ 0.08ms
  2026-04-16 09:42:15 /api/exams/1/reports/results ................. ~ 0.13ms
  2026-04-16 09:42:15 /api/exams/1 ................................. ~ 0.11ms
  2026-04-16 09:42:15 /api/exams/1/analytics/summary ............... ~ 0.16ms
  2026-04-16 09:42:15 /api/exams/1/analytics/item-analysis ......... ~ 0.10ms
  2026-04-16 09:42:15 /api/exams/1/questions ....................... ~ 0.14ms
  2026-04-16 09:42:15 /api/exams/1/reports/results ................. ~ 0.15ms
  2026-04-16 09:42:15 /api/exams/1 ................................. ~ 0.11ms
  2026-04-16 09:42:15 /api/exams/1/analytics/summary ............... ~ 0.17ms
  2026-04-16 09:42:15 /api/exams/1/analytics/item-analysis ......... ~ 0.10ms
  2026-04-16 09:42:15 /api/exams/1/questions ....................... ~ 0.08ms
  2026-04-16 09:42:15 /api/exams/1/reports/results ................. ~ 0.13ms
  2026-04-16 09:42:15 /api/exams/1 ................................. ~ 0.11ms
  2026-04-16 09:42:15 /api/exams/1/analytics/summary ............... ~ 0.19ms
  2026-04-16 09:42:15 /api/exams/1/analytics/item-analysis ....... ~ 505.94ms
  2026-04-16 09:42:15 /api/exams/1/questions ..................... ~ 506.51ms
  2026-04-16 09:42:15 /api/exams/1/reports/results ................. ~ 0.96ms
  2026-04-16 09:42:15 /api/exams/1/reports/results ................. ~ 0.59ms
  2026-04-16 09:42:15 /api/exams/1/reports/results ................. ~ 0.55ms
  2026-04-16 09:42:15 /api/exams/1/reports/results ................. ~ 0.07ms
  2026-04-16 09:42:15 /api/exams/1/reports/results ................. ~ 0.06ms
  2026-04-16 09:42:18 /api/exams/1/reports/results ................. ~ 0.41ms
  2026-04-16 09:42:18 /api/exams/1/reports/results ................. ~ 0.10ms
  2026-04-16 09:44:57 /api/exams/1 ................................. ~ 0.09ms
  2026-04-16 09:44:57 /api/exams/1/analytics/summary ............... ~ 0.31ms
  2026-04-16 09:44:57 /api/exams/1/analytics/item-analysis ......... ~ 0.42ms
  2026-04-16 09:44:57 /api/exams/1/questions ....................... ~ 0.22ms
  2026-04-16 09:44:57 /api/exams/1/reports/results ................. ~ 0.16ms
  2026-04-16 09:44:57 /api/exams/1 ................................. ~ 0.14ms
  2026-04-16 09:44:57 /api/exams/1/analytics/summary ............... ~ 0.20ms
  2026-04-16 09:44:57 /api/exams/1/analytics/item-analysis ......... ~ 0.13ms
  2026-04-16 09:44:57 /api/exams/1/questions ....................... ~ 0.10ms
  2026-04-16 09:44:57 /api/exams/1/reports/results ................. ~ 0.16ms
  2026-04-16 09:44:57 /api/exams/1 ................................. ~ 0.13ms
  2026-04-16 09:44:57 /api/exams/1/analytics/summary ............... ~ 0.21ms
  2026-04-16 09:44:57 /api/exams/1/analytics/item-analysis ......... ~ 0.12ms
  2026-04-16 09:44:57 /api/exams/1/questions ..................... ~ 506.11ms
  2026-04-16 09:44:57 /api/exams/1/reports/results ............... ~ 507.22ms
  2026-04-16 09:44:57 /api/exams/1 ................................. ~ 0.82ms
  2026-04-16 09:44:58 /api/exams/1/analytics/summary ............... ~ 1.10ms
  2026-04-16 09:44:58 /api/exams/1/analytics/item-analysis ......... ~ 0.45ms
  2026-04-16 09:44:58 /api/exams/1/questions ....................... ~ 0.37ms
  2026-04-16 09:44:58 /api/exams/1/reports/results ................. ~ 0.57ms
  2026-04-16 09:44:58 /api/exams/1/reports/results ................. ~ 0.43ms
  2026-04-16 09:44:58 /api/exams/1/reports/results ................. ~ 0.41ms
  2026-04-16 09:44:58 /api/exams/1/reports/results ................. ~ 0.05ms
  2026-04-16 09:44:58 /api/exams/1/reports/results ................. ~ 0.05ms
  2026-04-16 09:45:06 /api/exams/1 ................................. ~ 0.38ms
  2026-04-16 09:45:06 /api/exams/1/analytics/summary ............... ~ 0.12ms
  2026-04-16 09:45:06 /api/exams/1/analytics/item-analysis ......... ~ 0.46ms
  2026-04-16 09:45:06 /api/exams/1/questions ....................... ~ 0.34ms
  2026-04-16 09:45:06 /api/exams/1/reports/results ................. ~ 0.43ms
  2026-04-16 09:45:06 /api/exams/1 ................................. ~ 0.36ms
  2026-04-16 09:45:06 /api/exams/1/analytics/summary ............... ~ 0.53ms
  2026-04-16 09:45:06 /api/exams/1/analytics/item-analysis ......... ~ 0.34ms
  2026-04-16 09:45:06 /api/exams/1/questions ....................... ~ 0.27ms
  2026-04-16 09:45:06 /api/exams/1/reports/results ................. ~ 0.42ms
  2026-04-16 09:45:06 /api/exams/1 ................................. ~ 0.35ms
  2026-04-16 09:45:06 /api/exams/1/analytics/summary ............... ~ 0.51ms
  2026-04-16 09:45:06 /api/exams/1/analytics/item-analysis ......... ~ 0.33ms
  2026-04-16 09:45:06 /api/exams/1/questions ....................... ~ 0.29ms
  2026-04-16 09:45:06 /api/exams/1/reports/results ................. ~ 0.43ms
  2026-04-16 09:45:06 /api/exams/1 ................................. ~ 0.36ms
  2026-04-16 09:45:06 /api/exams/1/analytics/summary ............... ~ 0.55ms
  2026-04-16 09:45:06 /api/exams/1/analytics/item-analysis ......... ~ 0.37ms
  2026-04-16 09:45:06 /api/exams/1/questions ....................... ~ 0.27ms
  2026-04-16 09:45:06 /api/exams/1/reports/results ................. ~ 0.42ms
  2026-04-16 09:45:06 /api/exams/1/reports/results ................. ~ 0.48ms
  2026-04-16 09:45:06 /api/exams/1/reports/results ................. ~ 0.73ms
  2026-04-16 09:45:06 /api/exams/1/reports/results ................. ~ 0.05ms
  2026-04-16 09:45:06 /api/exams/1/reports/results ................. ~ 0.05ms
  2026-04-16 09:45:07 /api/exams/1 ................................. ~ 0.08ms
  2026-04-16 09:45:07 /api/exams/1/analytics/summary ............... ~ 0.31ms
  2026-04-16 09:45:07 /api/exams/1/analytics/item-analysis ......... ~ 0.43ms
  2026-04-16 09:45:07 /api/exams/1/questions ....................... ~ 0.23ms
  2026-04-16 09:45:07 /api/exams/1/reports/results ................. ~ 0.17ms
  2026-04-16 09:45:07 /api/exams/1 ................................. ~ 0.15ms
  2026-04-16 09:45:07 /api/exams/1/analytics/summary ............... ~ 0.22ms
  2026-04-16 09:45:07 /api/exams/1/analytics/item-analysis ......... ~ 0.13ms
  2026-04-16 09:45:07 /api/exams/1/questions ....................... ~ 0.11ms
  2026-04-16 09:45:07 /api/exams/1/reports/results ................. ~ 0.17ms
  2026-04-16 09:45:07 /api/exams/1 ................................. ~ 0.14ms
  2026-04-16 09:45:07 /api/exams/1/analytics/summary ............... ~ 0.22ms
  2026-04-16 09:45:07 /api/exams/1/analytics/item-analysis ......... ~ 0.13ms
  2026-04-16 09:45:07 /api/exams/1/questions ....................... ~ 0.10ms
  2026-04-16 09:45:07 /api/exams/1/reports/results ................. ~ 0.17ms
  2026-04-16 09:45:07 /api/exams/1 ................................. ~ 0.14ms
  2026-04-16 09:45:07 /api/exams/1/analytics/summary ............... ~ 0.22ms
  2026-04-16 09:45:07 /api/exams/1/analytics/item-analysis ......... ~ 0.13ms
  2026-04-16 09:45:07 /api/exams/1/questions ....................... ~ 0.11ms
  2026-04-16 09:45:07 /api/exams/1/reports/results ................. ~ 0.17ms
  2026-04-16 09:45:07 /api/exams/1/reports/results ................. ~ 0.14ms
  2026-04-16 09:45:07 /api/exams/1/reports/results ................. ~ 0.13ms
  2026-04-16 09:45:07 /api/exams/1/reports/results ................. ~ 0.01ms
  2026-04-16 09:45:07 /api/exams/1/reports/results ................. ~ 0.03ms
  2026-04-16 09:45:07 /api/exams/1 ................................. ~ 0.06ms
  2026-04-16 09:45:07 /api/exams/1/analytics/summary ............... ~ 0.27ms
  2026-04-16 09:45:07 /api/exams/1/analytics/item-analysis ......... ~ 0.13ms
  2026-04-16 09:45:07 /api/exams/1/questions ....................... ~ 0.10ms
  2026-04-16 09:45:07 /api/exams/1/reports/results ................. ~ 0.16ms
  2026-04-16 09:45:08 /api/exams/1 ................................. ~ 0.13ms
  2026-04-16 09:45:08 /api/exams/1/analytics/summary ............... ~ 0.20ms
  2026-04-16 09:45:08 /api/exams/1/analytics/item-analysis ......... ~ 0.12ms
  2026-04-16 09:45:08 /api/exams/1/questions ....................... ~ 0.10ms
  2026-04-16 09:45:08 /api/exams/1/reports/results ................. ~ 0.16ms
  2026-04-16 09:45:08 /api/exams/1 ................................. ~ 0.13ms
  2026-04-16 09:45:08 /api/exams/1/analytics/summary ............... ~ 0.20ms
  2026-04-16 09:45:08 /api/exams/1/analytics/item-analysis ....... ~ 503.32ms
  2026-04-16 09:45:08 /api/exams/1/questions ..................... ~ 503.40ms
  2026-04-16 09:45:08 /api/exams/1/reports/results ................. ~ 0.20ms
  2026-04-16 09:45:08 /api/exams/1 ................................. ~ 0.15ms
  2026-04-16 09:45:08 /api/exams/1/analytics/summary ............... ~ 0.22ms
  2026-04-16 09:45:08 /api/exams/1/analytics/item-analysis ......... ~ 0.13ms
  2026-04-16 09:45:08 /api/exams/1/questions ....................... ~ 0.11ms
  2026-04-16 09:45:08 /api/exams/1/reports/results ................. ~ 0.17ms
  2026-04-16 09:45:08 /api/exams/1/reports/results ................. ~ 0.14ms
  2026-04-16 09:45:08 /api/exams/1/reports/results ................. ~ 0.14ms
  2026-04-16 09:45:08 /api/exams/1/reports/results ................. ~ 0.02ms
  2026-04-16 09:45:08 /api/exams/1/reports/results ................. ~ 0.02ms
  2026-04-16 09:45:08 /api/exams/1 ................................. ~ 0.03ms
  2026-04-16 09:45:08 /api/exams/1/analytics/summary ............... ~ 0.43ms
  2026-04-16 09:45:08 /api/exams/1/analytics/item-analysis ......... ~ 0.60ms
  2026-04-16 09:45:08 /api/exams/1/questions ....................... ~ 0.74ms
  2026-04-16 09:45:08 /api/exams/1/reports/results ................. ~ 0.52ms
  2026-04-16 09:45:08 /api/exams/1 ................................. ~ 0.15ms
  2026-04-16 09:45:08 /api/exams/1/analytics/summary ............... ~ 0.22ms
  2026-04-16 09:45:08 /api/exams/1/analytics/item-analysis ......... ~ 0.14ms
  2026-04-16 09:45:08 /api/exams/1/questions ....................... ~ 0.11ms
  2026-04-16 09:45:08 /api/exams/1/reports/results ................. ~ 0.17ms
  2026-04-16 09:45:08 /api/exams/1 ................................. ~ 0.14ms
  2026-04-16 09:45:08 /api/exams/1/analytics/summary ............. ~ 505.39ms
  2026-04-16 09:45:08 /api/exams/1/analytics/item-analysis ....... ~ 505.32ms
  2026-04-16 09:45:08 /api/exams/1/questions ....................... ~ 0.09ms
  2026-04-16 09:45:08 /api/exams/1/reports/results ................. ~ 0.44ms
  2026-04-16 09:45:08 /api/exams/1 ................................. ~ 0.15ms
  2026-04-16 09:45:08 /api/exams/1/analytics/summary ............... ~ 0.19ms
  2026-04-16 09:45:08 /api/exams/1/analytics/item-analysis ......... ~ 0.12ms
  2026-04-16 09:45:08 /api/exams/1/questions ....................... ~ 0.09ms
  2026-04-16 09:45:08 /api/exams/1/reports/results ................. ~ 0.15ms
  2026-04-16 09:45:08 /api/exams/1/reports/results ................. ~ 0.12ms
  2026-04-16 09:45:08 /api/exams/1/reports/results ................. ~ 0.12ms
  2026-04-16 09:45:08 /api/exams/1/reports/results ................. ~ 0.01ms
  2026-04-16 09:45:08 /api/exams/1/reports/results ................. ~ 0.01ms
  2026-04-16 09:45:09 /api/exams/1 ................................. ~ 0.01ms
  2026-04-16 09:45:09 /api/exams/1/analytics/summary ............... ~ 0.02ms
  2026-04-16 09:45:09 /api/exams/1/analytics/item-analysis ......... ~ 0.11ms
  2026-04-16 09:45:09 /api/exams/1/questions ....................... ~ 0.09ms
  2026-04-16 09:45:09 /api/exams/1/reports/results ................. ~ 0.15ms
  2026-04-16 09:45:09 /api/exams/1 ................................. ~ 0.13ms
  2026-04-16 09:45:09 /api/exams/1/analytics/summary ............... ~ 0.18ms
  2026-04-16 09:45:09 /api/exams/1/analytics/item-analysis ......... ~ 0.11ms
  2026-04-16 09:45:09 /api/exams/1/questions ....................... ~ 0.09ms
  2026-04-16 09:45:09 /api/exams/1/reports/results ................. ~ 0.15ms
  2026-04-16 09:45:09 /api/exams/1 ................................. ~ 0.12ms
  2026-04-16 09:45:09 /api/exams/1/analytics/summary ............. ~ 504.79ms
  2026-04-16 09:45:09 /api/exams/1/analytics/item-analysis ....... ~ 504.87ms
  2026-04-16 09:45:09 /api/exams/1/questions ....................... ~ 0.12ms
  2026-04-16 09:45:09 /api/exams/1/reports/results ................. ~ 0.16ms
  2026-04-16 09:45:09 /api/exams/1 ................................. ~ 0.13ms
  2026-04-16 09:45:09 /api/exams/1/analytics/summary ............... ~ 0.19ms
  2026-04-16 09:45:09 /api/exams/1/analytics/item-analysis ......... ~ 0.11ms
  2026-04-16 09:45:09 /api/exams/1/questions ....................... ~ 0.09ms
  2026-04-16 09:45:09 /api/exams/1/reports/results ................. ~ 0.14ms
  2026-04-16 09:45:09 /api/exams/1/reports/results ................. ~ 0.12ms
  2026-04-16 09:45:09 /api/exams/1/reports/results ................. ~ 0.11ms
  2026-04-16 09:45:09 /api/exams/1/reports/results ................. ~ 0.01ms
  2026-04-16 09:45:09 /api/exams/1/reports/results ................. ~ 0.01ms
  2026-04-16 09:45:09 /api/exams/1 ................................. ~ 0.01ms
  2026-04-16 09:45:09 /api/exams/1/analytics/summary ............... ~ 0.02ms
  2026-04-16 09:45:09 /api/exams/1/analytics/item-analysis ......... ~ 0.11ms
  2026-04-16 09:45:09 /api/exams/1/questions ....................... ~ 0.09ms
  2026-04-16 09:45:09 /api/exams/1/reports/results ................. ~ 0.14ms
  2026-04-16 09:45:09 /api/exams/1 ................................. ~ 0.12ms
  2026-04-16 09:45:09 /api/exams/1/analytics/summary ............... ~ 0.49ms
  2026-04-16 09:45:09 /api/exams/1/analytics/item-analysis ......... ~ 0.13ms
  2026-04-16 09:45:09 /api/exams/1/questions ....................... ~ 0.09ms
  2026-04-16 09:45:09 /api/exams/1/reports/results ................. ~ 0.15ms
  2026-04-16 09:45:09 /api/exams/1 ................................. ~ 0.12ms
  2026-04-16 09:45:09 /api/exams/1/analytics/summary ............... ~ 0.19ms
  2026-04-16 09:45:09 /api/exams/1/analytics/item-analysis ....... ~ 506.98ms
  2026-04-16 09:45:09 /api/exams/1/questions ..................... ~ 507.17ms
  2026-04-16 09:45:09 /api/exams/1/reports/results ................. ~ 0.53ms
  2026-04-16 09:45:09 /api/exams/1 ................................. ~ 0.38ms
  2026-04-16 09:45:09 /api/exams/1/analytics/summary ............... ~ 0.53ms
  2026-04-16 09:45:09 /api/exams/1/analytics/item-analysis ......... ~ 0.35ms
  2026-04-16 09:45:09 /api/exams/1/questions ....................... ~ 0.28ms
  2026-04-16 09:45:09 /api/exams/1/reports/results ................. ~ 0.52ms
  2026-04-16 09:45:09 /api/exams/1/reports/results ................. ~ 0.38ms
  2026-04-16 09:45:09 /api/exams/1/reports/results ................. ~ 0.37ms
  2026-04-16 09:45:09 /api/exams/1/reports/results ................. ~ 0.09ms
  2026-04-16 09:45:09 /api/exams/1/reports/results ................. ~ 0.05ms
  2026-04-16 09:45:10 /api/exams/1 ................................. ~ 0.29ms
  2026-04-16 09:45:10 /api/exams/1/analytics/summary ............... ~ 0.88ms
  2026-04-16 09:45:10 /api/exams/1/analytics/item-analysis ......... ~ 0.35ms
  2026-04-16 09:45:10 /api/exams/1/questions ....................... ~ 0.29ms
  2026-04-16 09:45:10 /api/exams/1/reports/results ................. ~ 0.48ms
  2026-04-16 09:45:10 /api/exams/1 ................................. ~ 0.37ms
  2026-04-16 09:45:10 /api/exams/1/analytics/summary ............... ~ 0.52ms
  2026-04-16 09:45:10 /api/exams/1/analytics/item-analysis ......... ~ 0.33ms
  2026-04-16 09:45:10 /api/exams/1/questions ....................... ~ 0.27ms
  2026-04-16 09:45:10 /api/exams/1/reports/results ................. ~ 0.42ms
  2026-04-16 09:45:10 /api/exams/1 ................................. ~ 0.36ms
  2026-04-16 09:45:10 /api/exams/1/analytics/summary ............... ~ 0.51ms
  2026-04-16 09:45:10 /api/exams/1/analytics/item-analysis ......... ~ 0.33ms
  2026-04-16 09:45:10 /api/exams/1/questions ....................... ~ 0.29ms
  2026-04-16 09:45:10 /api/exams/1/reports/results ................. ~ 0.43ms
  2026-04-16 09:45:10 /api/exams/1 ................................. ~ 0.35ms
  2026-04-16 09:45:10 /api/exams/1/analytics/summary ............... ~ 0.51ms
  2026-04-16 09:45:10 /api/exams/1/analytics/item-analysis ......... ~ 0.35ms
  2026-04-16 09:45:10 /api/exams/1/questions ....................... ~ 0.27ms
  2026-04-16 09:45:10 /api/exams/1/reports/results ................. ~ 0.42ms
  2026-04-16 09:45:10 /api/exams/1/reports/results ................. ~ 0.36ms
  2026-04-16 09:45:10 /api/exams/1/reports/results ................. ~ 0.66ms
  2026-04-16 09:45:10 /api/exams/1/reports/results ................. ~ 0.06ms
  2026-04-16 09:45:10 /api/exams/1/reports/results ................. ~ 0.05ms
  2026-04-16 09:45:10 /api/exams/1 ................................. ~ 0.23ms
  2026-04-16 09:45:10 /api/exams/1/analytics/summary ............... ~ 0.77ms
  2026-04-16 09:45:10 /api/exams/1/analytics/item-analysis ......... ~ 1.08ms
  2026-04-16 09:45:10 /api/exams/1/questions ....................... ~ 1.33ms
  2026-04-16 09:45:10 /api/exams/1/reports/results ................. ~ 1.08ms
  2026-04-16 09:45:10 /api/exams/1 ................................. ~ 0.43ms
  2026-04-16 09:45:10 /api/exams/1/analytics/summary ............... ~ 0.66ms
  2026-04-16 09:45:10 /api/exams/1/analytics/item-analysis ......... ~ 0.43ms
  2026-04-16 09:45:10 /api/exams/1/questions ....................... ~ 0.33ms
  2026-04-16 09:45:10 /api/exams/1/reports/results ................. ~ 0.42ms
  2026-04-16 09:45:10 /api/exams/1 ................................. ~ 0.35ms
  2026-04-16 09:45:10 /api/exams/1/analytics/summary ............... ~ 0.52ms
  2026-04-16 09:45:10 /api/exams/1/analytics/item-analysis ......... ~ 0.33ms
  2026-04-16 09:45:10 /api/exams/1/questions ....................... ~ 0.36ms
  2026-04-16 09:45:10 /api/exams/1/reports/results ................. ~ 0.54ms
  2026-04-16 09:45:10 /api/exams/1 ................................. ~ 0.38ms
  2026-04-16 09:45:10 /api/exams/1/analytics/summary ............... ~ 0.53ms
  2026-04-16 09:45:10 /api/exams/1/analytics/item-analysis ......... ~ 0.34ms
  2026-04-16 09:45:10 /api/exams/1/questions ....................... ~ 0.28ms
  2026-04-16 09:45:10 /api/exams/1/reports/results ................. ~ 0.46ms
  2026-04-16 09:45:10 /api/exams/1/reports/results ................. ~ 0.36ms
  2026-04-16 09:45:10 /api/exams/1/reports/results ................. ~ 0.38ms
  2026-04-16 09:45:10 /api/exams/1/reports/results ................. ~ 0.34ms
  2026-04-16 09:45:10 /api/exams/1/reports/results ................. ~ 0.06ms
  2026-04-16 09:45:12 /api/auth/me ................................. ~ 0.08ms
  2026-04-16 09:45:12 /api/auth/me ................................. ~ 0.32ms
  2026-04-16 09:45:12 /api/auth/me ............................... ~ 505.67ms
  2026-04-16 09:45:12 /api/auth/me ................................. ~ 0.07ms
  2026-04-16 09:45:13 /api/exams ................................... ~ 0.12ms
  2026-04-16 09:45:13 /api/exams ................................... ~ 0.51ms
  2026-04-16 09:45:13 /api/exams ................................... ~ 0.03ms
  2026-04-16 09:45:13 /api/exams ................................... ~ 0.03ms
  2026-04-16 09:45:14 /api/exams ................................... ~ 0.03ms
  2026-04-16 09:45:14 /api/exams ................................... ~ 0.03ms
  2026-04-16 09:45:15 /api/exams/1 ................................. ~ 0.06ms
  2026-04-16 09:45:15 /api/exams/1/analytics/summary ............... ~ 0.24ms
  2026-04-16 09:45:15 /api/exams/1/analytics/item-analysis ......... ~ 0.33ms
  2026-04-16 09:45:15 /api/exams/1/questions ....................... ~ 0.40ms
  2026-04-16 09:45:15 /api/exams/1/reports/results ................. ~ 0.30ms
  2026-04-16 09:45:15 /api/exams/1 ................................. ~ 0.12ms
  2026-04-16 09:45:15 /api/exams/1/analytics/summary ............... ~ 0.17ms
  2026-04-16 09:45:15 /api/exams/1/analytics/item-analysis ......... ~ 0.11ms
  2026-04-16 09:45:15 /api/exams/1/questions ....................... ~ 0.08ms
  2026-04-16 09:45:15 /api/exams/1/reports/results ................. ~ 0.14ms
  2026-04-16 09:45:15 /api/exams/1 ................................. ~ 0.11ms
  2026-04-16 09:45:15 /api/exams/1/analytics/summary ............... ~ 0.17ms
  2026-04-16 09:45:15 /api/exams/1/analytics/item-analysis ......... ~ 0.11ms
  2026-04-16 09:45:15 /api/exams/1/questions ....................... ~ 0.08ms
  2026-04-16 09:45:15 /api/exams/1/reports/results ................. ~ 0.13ms
  2026-04-16 09:45:15 /api/exams/1 ................................. ~ 0.11ms
  2026-04-16 09:45:15 /api/exams/1/analytics/summary ............... ~ 0.17ms
  2026-04-16 09:45:15 /api/exams/1/analytics/item-analysis ......... ~ 0.10ms
  2026-04-16 09:45:15 /api/exams/1/questions ..................... ~ 505.80ms
  2026-04-16 09:45:15 /api/exams/1/reports/results ............... ~ 506.73ms
  2026-04-16 09:45:15 /api/exams/1/reports/results ................. ~ 0.80ms
  2026-04-16 09:45:15 /api/exams/1/reports/results ................. ~ 0.75ms
  2026-04-16 09:45:15 /api/exams/1/reports/results ................. ~ 0.08ms
  2026-04-16 09:45:15 /api/exams/1/reports/results ................. ~ 0.07ms
  2026-04-16 09:45:33 /api/exams/1/reports/results ................. ~ 0.24ms
  2026-04-16 09:45:38 /api/exams/1/reports/results ................. ~ 0.47ms
  2026-04-16 09:46:44 /api/exams/1 ................................. ~ 0.11ms
  2026-04-16 09:46:44 /api/exams/1/analytics/summary ............... ~ 0.37ms
  2026-04-16 09:46:44 /api/exams/1/analytics/item-analysis ......... ~ 0.51ms
  2026-04-16 09:46:44 /api/exams/1/questions ....................... ~ 0.60ms
  2026-04-16 09:46:44 /api/exams/1/reports/results ................. ~ 0.77ms
  2026-04-16 09:46:44 /api/exams/1 ................................. ~ 0.44ms
  2026-04-16 09:46:44 /api/exams/1/analytics/summary ............... ~ 0.25ms
  2026-04-16 09:46:44 /api/exams/1/analytics/item-analysis ......... ~ 0.15ms
  2026-04-16 09:46:44 /api/exams/1/questions ....................... ~ 0.13ms
  2026-04-16 09:46:44 /api/exams/1/reports/results ................. ~ 0.20ms
  2026-04-16 09:46:45 /api/exams/1 ................................. ~ 0.17ms
  2026-04-16 09:46:45 /api/exams/1/analytics/summary ............... ~ 0.26ms
  2026-04-16 09:46:45 /api/exams/1/analytics/item-analysis ......... ~ 0.15ms
  2026-04-16 09:46:45 /api/exams/1/questions ....................... ~ 0.12ms
  2026-04-16 09:46:45 /api/exams/1/reports/results ................. ~ 0.20ms
  2026-04-16 09:46:45 /api/exams/1 ................................. ~ 0.16ms
  2026-04-16 09:46:45 /api/exams/1/analytics/summary ............... ~ 0.26ms
  2026-04-16 09:46:45 /api/exams/1/analytics/item-analysis ......... ~ 0.15ms
  2026-04-16 09:46:45 /api/exams/1/questions ....................... ~ 0.15ms
  2026-04-16 09:46:45 /api/exams/1/reports/results ................. ~ 0.20ms
  2026-04-16 09:46:45 /api/exams/1/reports/results ................. ~ 0.16ms
  2026-04-16 09:46:45 /api/exams/1/reports/results ................. ~ 0.14ms
  2026-04-16 09:46:45 /api/exams/1/reports/results ................. ~ 0.02ms
  2026-04-16 09:46:45 /api/exams/1/reports/results ................. ~ 0.02ms
  2026-04-16 09:47:24 /api/exams/1/reports/results ................. ~ 0.45ms
  2026-04-16 09:47:39 /api/exams/1/reports/results ................. ~ 0.16ms
  2026-04-16 09:47:42 /api/auth/login .............................. ~ 0.19ms
  2026-04-16 09:47:43 /api/exams/1/reports/results ................. ~ 0.02ms
